This is pdfTeX, Version 3.141592653-2.6-1.40.22 (MiKTeX 21.3) (preloaded format=pdflatex 2021.3.31)  31 MAR 2021 11:45
entering extended mode
**D:/Users/Emmanuel/Dropbox/Shared-Folder_Baxter-Emmanuel/RA-Work/Orbis/Data_Re
port/Data-Report.tex

(D:/Users/Emmanuel/Dropbox/Shared-Folder_Baxter-Emmanuel/RA-Work/Orbis/Data_Rep
ort/Data-Report.tex
LaTeX2e <2020-10-01> patch level 4
L3 programming layer <2021-02-18>
(C:\Users\Emmanuel\AppData\Local\Programs\MiKTeX\tex/latex/base\article.cls
Document Class: article 2020/04/10 v1.4m Standard LaTeX document class
(C:\Users\Emmanuel\AppData\Local\Programs\MiKTeX\tex/latex/base\size12.clo
File: size12.clo 2020/04/10 v1.4m Standard LaTeX file (size option)
)
\c@part=\count179
\c@section=\count180
\c@subsection=\count181
\c@subsubsection=\count182
\c@paragraph=\count183
\c@subparagraph=\count184
\c@figure=\count185
\c@table=\count186
\abovecaptionskip=\skip47
\belowcaptionskip=\skip48
\bibindent=\dimen138
)
(C:\Users\Emmanuel\AppData\Local\Programs\MiKTeX\tex/latex/geometry\geometry.st
y
Package: geometry 2020/01/02 v5.9 Page Geometry

(C:\Users\Emmanuel\AppData\Local\Programs\MiKTeX\tex/latex/graphics\keyval.sty
Package: keyval 2014/10/28 v1.15 key=value parser (DPC)
\KV@toks@=\toks15
) (C:\Users\Emmanuel\AppData\Local\Programs\MiKTeX\tex/generic/iftex\ifvtex.sty
Package: ifvtex 2019/10/25 v1.7 ifvtex legacy package. Use iftex instead.

(C:\Users\Emmanuel\AppData\Local\Programs\MiKTeX\tex/generic/iftex\iftex.sty
Package: iftex 2020/03/06 v1.0d TeX engine tests
))
\Gm@cnth=\count187
\Gm@cntv=\count188
\c@Gm@tempcnt=\count189
\Gm@bindingoffset=\dimen139
\Gm@wd@mp=\dimen140
\Gm@odd@mp=\dimen141
\Gm@even@mp=\dimen142
\Gm@layoutwidth=\dimen143
\Gm@layoutheight=\dimen144
\Gm@layouthoffset=\dimen145
\Gm@layoutvoffset=\dimen146
\Gm@dimlist=\toks16

(C:\Users\Emmanuel\AppData\Local\Programs\MiKTeX\tex/latex/geometry\geometry.cf
g))
(C:\Users\Emmanuel\AppData\Local\Programs\MiKTeX\tex/latex/placeins\placeins.st
y
Package: placeins 2005/04/18  v 2.2
)
(C:\Users\Emmanuel\AppData\Local\Programs\MiKTeX\tex/latex/graphics\graphicx.st
y
Package: graphicx 2020/09/09 v1.2b Enhanced LaTeX Graphics (DPC,SPQR)

(C:\Users\Emmanuel\AppData\Local\Programs\MiKTeX\tex/latex/graphics\graphics.st
y
Package: graphics 2020/08/30 v1.4c Standard LaTeX Graphics (DPC,SPQR)
 (C:\Users\Emmanuel\AppData\Local\Programs\MiKTeX\tex/latex/graphics\trig.sty
Package: trig 2016/01/03 v1.10 sin cos tan (DPC)
)
(C:\Users\Emmanuel\AppData\Local\Programs\MiKTeX\tex/latex/graphics-cfg\graphic
s.cfg
File: graphics.cfg 2016/06/04 v1.11 sample graphics configuration
)
Package graphics Info: Driver file: pdftex.def on input line 105.

(C:\Users\Emmanuel\AppData\Local\Programs\MiKTeX\tex/latex/graphics-def\pdftex.
def
File: pdftex.def 2020/10/05 v1.2a Graphics/color driver for pdftex
))
\Gin@req@height=\dimen147
\Gin@req@width=\dimen148
)
(C:\Users\Emmanuel\AppData\Local\Programs\MiKTeX\tex/latex/epstopdf-pkg\epstopd
f.sty
Package: epstopdf 2020-01-24 v2.11 Conversion with epstopdf on the fly (HO)

(C:\Users\Emmanuel\AppData\Local\Programs\MiKTeX\tex/generic/infwarerr\infwarer
r.sty
Package: infwarerr 2019/12/03 v1.5 Providing info/warning/error messages (HO)
)
(C:\Users\Emmanuel\AppData\Local\Programs\MiKTeX\tex/latex/grfext\grfext.sty
Package: grfext 2019/12/03 v1.3 Manage graphics extensions (HO)

(C:\Users\Emmanuel\AppData\Local\Programs\MiKTeX\tex/generic/kvdefinekeys\kvdef
inekeys.sty
Package: kvdefinekeys 2019-12-19 v1.6 Define keys (HO)
))
(C:\Users\Emmanuel\AppData\Local\Programs\MiKTeX\tex/latex/kvoptions\kvoptions.
sty
Package: kvoptions 2020-10-07 v3.14 Key value format for package options (HO)

(C:\Users\Emmanuel\AppData\Local\Programs\MiKTeX\tex/generic/ltxcmds\ltxcmds.st
y
Package: ltxcmds 2020-05-10 v1.25 LaTeX kernel commands for general use (HO)
)
(C:\Users\Emmanuel\AppData\Local\Programs\MiKTeX\tex/generic/kvsetkeys\kvsetkey
s.sty
Package: kvsetkeys 2019/12/15 v1.18 Key value parser (HO)
))
(C:\Users\Emmanuel\AppData\Local\Programs\MiKTeX\tex/generic/pdftexcmds\pdftexc
mds.sty
Package: pdftexcmds 2020-06-27 v0.33 Utility functions of pdfTeX for LuaTeX (HO
)
Package pdftexcmds Info: \pdf@primitive is available.
Package pdftexcmds Info: \pdf@ifprimitive is available.
Package pdftexcmds Info: \pdfdraftmode found.
)
(C:\Users\Emmanuel\AppData\Local\Programs\MiKTeX\tex/latex/epstopdf-pkg\epstopd
f-base.sty
Package: epstopdf-base 2020-01-24 v2.11 Base part for package epstopdf
Package epstopdf-base Info: Redefining graphics rule for `.eps' on input line 4
85.
Package grfext Info: Graphics extension search list:
(grfext)             [.pdf,.png,.jpg,.mps,.jpeg,.jbig2,.jb2,.PDF,.PNG,.JPG,.JPE
G,.JBIG2,.JB2,.eps]
(grfext)             \AppendGraphicsExtensions on input line 504.

(C:\Users\Emmanuel\AppData\Local\Programs\MiKTeX\tex/latex/00miktex\epstopdf-sy
s.cfg
File: epstopdf-sys.cfg 2021/03/18 v2.0 Configuration of epstopdf for MiKTeX
)))
(C:\Users\Emmanuel\AppData\Local\Programs\MiKTeX\tex/latex/mathtools\mathtools.
sty
Package: mathtools 2021/03/18 v1.25 mathematical typesetting tools

(C:\Users\Emmanuel\AppData\Local\Programs\MiKTeX\tex/latex/latex-tools\calc.sty
Package: calc 2017/05/25 v4.3 Infix arithmetic (KKT,FJ)
\calc@Acount=\count190
\calc@Bcount=\count191
\calc@Adimen=\dimen149
\calc@Bdimen=\dimen150
\calc@Askip=\skip49
\calc@Bskip=\skip50
LaTeX Info: Redefining \setlength on input line 80.
LaTeX Info: Redefining \addtolength on input line 81.
\calc@Ccount=\count192
\calc@Cskip=\skip51
)
(C:\Users\Emmanuel\AppData\Local\Programs\MiKTeX\tex/latex/mathtools\mhsetup.st
y
Package: mhsetup 2021/03/18 v1.4 programming setup (MH)
)
(C:\Users\Emmanuel\AppData\Local\Programs\MiKTeX\tex/latex/amsmath\amsmath.sty
Package: amsmath 2020/09/23 v2.17i AMS math features
\@mathmargin=\skip52

For additional information on amsmath, use the `?' option.
(C:\Users\Emmanuel\AppData\Local\Programs\MiKTeX\tex/latex/amsmath\amstext.sty
Package: amstext 2000/06/29 v2.01 AMS text

(C:\Users\Emmanuel\AppData\Local\Programs\MiKTeX\tex/latex/amsmath\amsgen.sty
File: amsgen.sty 1999/11/30 v2.0 generic functions
\@emptytoks=\toks17
\ex@=\dimen151
)) (C:\Users\Emmanuel\AppData\Local\Programs\MiKTeX\tex/latex/amsmath\amsbsy.st
y
Package: amsbsy 1999/11/29 v1.2d Bold Symbols
\pmbraise@=\dimen152
) (C:\Users\Emmanuel\AppData\Local\Programs\MiKTeX\tex/latex/amsmath\amsopn.sty
Package: amsopn 2016/03/08 v2.02 operator names
)
\inf@bad=\count193
LaTeX Info: Redefining \frac on input line 234.
\uproot@=\count194
\leftroot@=\count195
LaTeX Info: Redefining \overline on input line 399.
\classnum@=\count196
\DOTSCASE@=\count197
LaTeX Info: Redefining \ldots on input line 496.
LaTeX Info: Redefining \dots on input line 499.
LaTeX Info: Redefining \cdots on input line 620.
\Mathstrutbox@=\box47
\strutbox@=\box48
\big@size=\dimen153
LaTeX Font Info:    Redeclaring font encoding OML on input line 743.
LaTeX Font Info:    Redeclaring font encoding OMS on input line 744.
\macc@depth=\count198
\c@MaxMatrixCols=\count199
\dotsspace@=\muskip16
\c@parentequation=\count266
\dspbrk@lvl=\count267
\tag@help=\toks18
\row@=\count268
\column@=\count269
\maxfields@=\count270
\andhelp@=\toks19
\eqnshift@=\dimen154
\alignsep@=\dimen155
\tagshift@=\dimen156
\tagwidth@=\dimen157
\totwidth@=\dimen158
\lineht@=\dimen159
\@envbody=\toks20
\multlinegap=\skip53
\multlinetaggap=\skip54
\mathdisplay@stack=\toks21
LaTeX Info: Redefining \[ on input line 2923.
LaTeX Info: Redefining \] on input line 2924.
)
LaTeX Info: Thecontrolsequence`\('isalreadyrobust on input line 130.
LaTeX Info: Thecontrolsequence`\)'isalreadyrobust on input line 130.
LaTeX Info: Thecontrolsequence`\['isalreadyrobust on input line 130.
LaTeX Info: Thecontrolsequence`\]'isalreadyrobust on input line 130.
\g_MT_multlinerow_int=\count271
\l_MT_multwidth_dim=\dimen160
\origjot=\skip55
\l_MT_shortvdotswithinadjustabove_dim=\dimen161
\l_MT_shortvdotswithinadjustbelow_dim=\dimen162
\l_MT_above_intertext_sep=\dimen163
\l_MT_below_intertext_sep=\dimen164
\l_MT_above_shortintertext_sep=\dimen165
\l_MT_below_shortintertext_sep=\dimen166
\xmathstrut@box=\box49
\xmathstrut@dim=\dimen167
)
(C:\Users\Emmanuel\AppData\Local\Programs\MiKTeX\tex/latex/jknappen\mathrsfs.st
y
Package: mathrsfs 1996/01/01 Math RSFS package v1.0 (jk)
\symrsfs=\mathgroup4
) (C:\Users\Emmanuel\AppData\Local\Programs\MiKTeX\tex/latex/amscls\amsthm.sty
Package: amsthm 2020/05/29 v2.20.6
\thm@style=\toks22
\thm@bodyfont=\toks23
\thm@headfont=\toks24
\thm@notefont=\toks25
\thm@headpunct=\toks26
\thm@preskip=\skip56
\thm@postskip=\skip57
\thm@headsep=\skip58
\dth@everypar=\toks27
)
(C:\Users\Emmanuel\AppData\Local\Programs\MiKTeX\tex/latex/amsfonts\amssymb.sty
Package: amssymb 2013/01/14 v3.01 AMS font symbols

(C:\Users\Emmanuel\AppData\Local\Programs\MiKTeX\tex/latex/amsfonts\amsfonts.st
y
Package: amsfonts 2013/01/14 v3.01 Basic AMSFonts support
\symAMSa=\mathgroup5
\symAMSb=\mathgroup6
LaTeX Font Info:    Redeclaring math symbol \hbar on input line 98.
LaTeX Font Info:    Overwriting math alphabet `\mathfrak' in version `bold'
(Font)                  U/euf/m/n --> U/euf/b/n on input line 106.
))
(C:\Users\Emmanuel\AppData\Local\Programs\MiKTeX\tex/latex/oberdiek\centernot.s
ty
Package: centernot 2016/05/16 v1.4 Centers the not symbol horizontally (HO)
)
(C:\Users\Emmanuel\AppData\Local\Programs\MiKTeX\tex/latex/caption\subcaption.s
ty
Package: subcaption 2020/10/07 v1.3j Sub-captions (AR)

(C:\Users\Emmanuel\AppData\Local\Programs\MiKTeX\tex/latex/caption\caption.sty
Package: caption 2020/10/26 v3.5g Customizing captions (AR)

(C:\Users\Emmanuel\AppData\Local\Programs\MiKTeX\tex/latex/caption\caption3.sty
Package: caption3 2020/10/21 v2.2e caption3 kernel (AR)
\captionmargin=\dimen168
\captionmargin@=\dimen169
\captionwidth=\dimen170
\caption@tempdima=\dimen171
\caption@indent=\dimen172
\caption@parindent=\dimen173
\caption@hangindent=\dimen174
Package caption Info: Standard document class detected.
)
\c@caption@flags=\count272
\c@continuedfloat=\count273
)
\c@subfigure=\count274
\c@subtable=\count275
)
(C:\Users\Emmanuel\AppData\Local\Programs\MiKTeX\tex/latex/booktabs\booktabs.st
y
Package: booktabs 2020/01/12 v1.61803398 Publication quality tables
\heavyrulewidth=\dimen175
\lightrulewidth=\dimen176
\cmidrulewidth=\dimen177
\belowrulesep=\dimen178
\belowbottomsep=\dimen179
\aboverulesep=\dimen180
\abovetopsep=\dimen181
\cmidrulesep=\dimen182
\cmidrulekern=\dimen183
\defaultaddspace=\dimen184
\@cmidla=\count276
\@cmidlb=\count277
\@aboverulesep=\dimen185
\@belowrulesep=\dimen186
\@thisruleclass=\count278
\@lastruleclass=\count279
\@thisrulewidth=\dimen187
)
(C:\Users\Emmanuel\AppData\Local\Programs\MiKTeX\tex/latex/multirow\multirow.st
y
Package: multirow 2021/03/15 v2.8 Span multiple rows of a table
\multirow@colwidth=\skip59
\multirow@cntb=\count280
\multirow@dima=\skip60
\bigstrutjot=\dimen188
)
(C:\Users\Emmanuel\AppData\Local\Programs\MiKTeX\tex/latex/comment\comment.sty
\CommentStream=\write3

Excluding comment 'comment')
(C:\Users\Emmanuel\AppData\Local\Programs\MiKTeX\tex/latex/hyperref\hyperref.st
y
Package: hyperref 2021-02-27 v7.00k Hypertext links for LaTeX

(C:\Users\Emmanuel\AppData\Local\Programs\MiKTeX\tex/generic/pdfescape\pdfescap
e.sty
Package: pdfescape 2019/12/09 v1.15 Implements pdfTeX's escape features (HO)
)
(C:\Users\Emmanuel\AppData\Local\Programs\MiKTeX\tex/latex/hycolor\hycolor.sty
Package: hycolor 2020-01-27 v1.10 Color options for hyperref/bookmark (HO)
)
(C:\Users\Emmanuel\AppData\Local\Programs\MiKTeX\tex/latex/letltxmacro\letltxma
cro.sty
Package: letltxmacro 2019/12/03 v1.6 Let assignment for LaTeX macros (HO)
)
(C:\Users\Emmanuel\AppData\Local\Programs\MiKTeX\tex/latex/auxhook\auxhook.sty
Package: auxhook 2019-12-17 v1.6 Hooks for auxiliary files (HO)
)
\@linkdim=\dimen189
\Hy@linkcounter=\count281
\Hy@pagecounter=\count282
(C:\Users\Emmanuel\AppData\Local\Programs\MiKTeX\tex/latex/hyperref\pd1enc.def
File: pd1enc.def 2021-02-27 v7.00k Hyperref: PDFDocEncoding definition (HO)
Now handling font encoding PD1 ...
... no UTF-8 mapping file for font encoding PD1
)
(C:\Users\Emmanuel\AppData\Local\Programs\MiKTeX\tex/latex/hyperref\hyperref-la
ngpatches.def
File: hyperref-langpatches.def 2021-02-27 v7.00k Hyperref: patches for babel la
nguages
)
(C:\Users\Emmanuel\AppData\Local\Programs\MiKTeX\tex/generic/intcalc\intcalc.st
y
Package: intcalc 2019/12/15 v1.3 Expandable calculations with integers (HO)
)
(C:\Users\Emmanuel\AppData\Local\Programs\MiKTeX\tex/generic/etexcmds\etexcmds.
sty
Package: etexcmds 2019/12/15 v1.7 Avoid name clashes with e-TeX commands (HO)
)
\Hy@SavedSpaceFactor=\count283

(C:\Users\Emmanuel\AppData\Local\Programs\MiKTeX\tex/latex/hyperref\puenc.def
File: puenc.def 2021-02-27 v7.00k Hyperref: PDF Unicode definition (HO)
Now handling font encoding PU ...
... no UTF-8 mapping file for font encoding PU
)
Package hyperref Info: Hyper figures OFF on input line 4192.
Package hyperref Info: Link nesting OFF on input line 4197.
Package hyperref Info: Hyper index ON on input line 4200.
Package hyperref Info: Plain pages OFF on input line 4207.
Package hyperref Info: Backreferencing OFF on input line 4212.
Package hyperref Info: Implicit mode ON; LaTeX internals redefined.
Package hyperref Info: Bookmarks ON on input line 4445.
\c@Hy@tempcnt=\count284

(C:\Users\Emmanuel\AppData\Local\Programs\MiKTeX\tex/latex/url\url.sty
\Urlmuskip=\muskip17
Package: url 2013/09/16  ver 3.4  Verb mode for urls, etc.
)
LaTeX Info: Redefining \url on input line 4804.
\XeTeXLinkMargin=\dimen190

(C:\Users\Emmanuel\AppData\Local\Programs\MiKTeX\tex/generic/bitset\bitset.sty
Package: bitset 2019/12/09 v1.3 Handle bit-vector datatype (HO)

(C:\Users\Emmanuel\AppData\Local\Programs\MiKTeX\tex/generic/bigintcalc\bigintc
alc.sty
Package: bigintcalc 2019/12/15 v1.5 Expandable calculations on big integers (HO
)
))
\Fld@menulength=\count285
\Field@Width=\dimen191
\Fld@charsize=\dimen192
Package hyperref Info: Hyper figures OFF on input line 6075.
Package hyperref Info: Link nesting OFF on input line 6080.
Package hyperref Info: Hyper index ON on input line 6083.
Package hyperref Info: backreferencing OFF on input line 6090.
Package hyperref Info: Link coloring OFF on input line 6095.
Package hyperref Info: Link coloring with OCG OFF on input line 6100.
Package hyperref Info: PDF/A mode OFF on input line 6105.
LaTeX Info: Redefining \ref on input line 6145.
LaTeX Info: Redefining \pageref on input line 6149.

(C:\Users\Emmanuel\AppData\Local\Programs\MiKTeX\tex/latex/base\atbegshi-ltx.st
y
Package: atbegshi-ltx 2020/08/17 v1.0a Emulation of the original atbegshi packa
ge
with kernel methods
)
\Hy@abspage=\count286
\c@Item=\count287
\c@Hfootnote=\count288
)
Package hyperref Info: Driver (autodetected): hpdftex.

(C:\Users\Emmanuel\AppData\Local\Programs\MiKTeX\tex/latex/hyperref\hpdftex.def
File: hpdftex.def 2021-02-27 v7.00k Hyperref driver for pdfTeX

(C:\Users\Emmanuel\AppData\Local\Programs\MiKTeX\tex/latex/base\atveryend-ltx.s
ty
Package: atveryend-ltx 2020/08/19 v1.0a Emulation of the original atvery packag
e
with kernel methods
)
\Fld@listcount=\count289
\c@bookmark@seq@number=\count290

(C:\Users\Emmanuel\AppData\Local\Programs\MiKTeX\tex/latex/rerunfilecheck\rerun
filecheck.sty
Package: rerunfilecheck 2019/12/05 v1.9 Rerun checks for auxiliary files (HO)

(C:\Users\Emmanuel\AppData\Local\Programs\MiKTeX\tex/generic/uniquecounter\uniq
uecounter.sty
Package: uniquecounter 2019/12/15 v1.4 Provide unlimited unique counter (HO)
)
Package uniquecounter Info: New unique counter `rerunfilecheck' on input line 2
86.
)
\Hy@SectionHShift=\skip61
)
Package hyperref Info: Option `colorlinks' set `true' on input line 29.

(C:\Users\Emmanuel\AppData\Local\Programs\MiKTeX\tex/latex/l3backend\l3backend-
pdftex.def
File: l3backend-pdftex.def 2021-03-18 L3 backend support: PDF output (pdfTeX)
\l__color_backend_stack_int=\count291
\l__pdf_internal_box=\box50
)
No file Data-Report.aux.
\openout1 = `Data-Report.aux'.

LaTeX Font Info:    Checking defaults for OML/cmm/m/it on input line 39.
LaTeX Font Info:    ... okay on input line 39.
LaTeX Font Info:    Checking defaults for OMS/cmsy/m/n on input line 39.
LaTeX Font Info:    ... okay on input line 39.
LaTeX Font Info:    Checking defaults for OT1/cmr/m/n on input line 39.
LaTeX Font Info:    ... okay on input line 39.
LaTeX Font Info:    Checking defaults for T1/cmr/m/n on input line 39.
LaTeX Font Info:    ... okay on input line 39.
LaTeX Font Info:    Checking defaults for TS1/cmr/m/n on input line 39.
LaTeX Font Info:    ... okay on input line 39.
LaTeX Font Info:    Checking defaults for OMX/cmex/m/n on input line 39.
LaTeX Font Info:    ... okay on input line 39.
LaTeX Font Info:    Checking defaults for U/cmr/m/n on input line 39.
LaTeX Font Info:    ... okay on input line 39.
LaTeX Font Info:    Checking defaults for PD1/pdf/m/n on input line 39.
LaTeX Font Info:    ... okay on input line 39.
LaTeX Font Info:    Checking defaults for PU/pdf/m/n on input line 39.
LaTeX Font Info:    ... okay on input line 39.
*geometry* driver: auto-detecting
*geometry* detected driver: pdftex
*geometry* verbose mode - [ preamble ] result:
* driver: pdftex
* paper: <default>
* layout: <same size as paper>
* layoutoffset:(h,v)=(0.0pt,0.0pt)
* modes: 
* h-part:(L,W,R)=(72.26999pt, 469.75502pt, 72.26999pt)
* v-part:(T,H,B)=(72.26999pt, 650.43001pt, 72.26999pt)
* \paperwidth=614.295pt
* \paperheight=794.96999pt
* \textwidth=469.75502pt
* \textheight=650.43001pt
* \oddsidemargin=0.0pt
* \evensidemargin=0.0pt
* \topmargin=-37.0pt
* \headheight=12.0pt
* \headsep=25.0pt
* \topskip=12.0pt
* \footskip=30.0pt
* \marginparwidth=44.0pt
* \marginparsep=10.0pt
* \columnsep=10.0pt
* \skip\footins=10.8pt plus 4.0pt minus 2.0pt
* \hoffset=0.0pt
* \voffset=0.0pt
* \mag=1000
* \@twocolumnfalse
* \@twosidefalse
* \@mparswitchfalse
* \@reversemarginfalse
* (1in=72.27pt=25.4mm, 1cm=28.453pt)


(C:\Users\Emmanuel\AppData\Local\Programs\MiKTeX\tex/context/base/mkii\supp-pdf
.mkii
[Loading MPS to PDF converter (version 2006.09.02).]
\scratchcounter=\count292
\scratchdimen=\dimen193
\scratchbox=\box51
\nofMPsegments=\count293
\nofMParguments=\count294
\everyMPshowfont=\toks28
\MPscratchCnt=\count295
\MPscratchDim=\dimen194
\MPnumerator=\count296
\makeMPintoPDFobject=\count297
\everyMPtoPDFconversion=\toks29
)
Package caption Info: Begin \AtBeginDocument code.
Package caption Info: hyperref package is loaded.
Package caption Info: End \AtBeginDocument code.
 (C:\Users\Emmanuel\AppData\Local\Programs\MiKTeX\tex/latex/graphics\color.sty
Package: color 2020/02/24 v1.2b Standard LaTeX Color (DPC)

(C:\Users\Emmanuel\AppData\Local\Programs\MiKTeX\tex/latex/graphics-cfg\color.c
fg
File: color.cfg 2016/01/02 v1.6 sample color configuration
)
Package color Info: Driver file: pdftex.def on input line 147.
)
Package hyperref Info: Link coloring ON on input line 39.

(C:\Users\Emmanuel\AppData\Local\Programs\MiKTeX\tex/latex/hyperref\nameref.sty
Package: nameref 2021-04-02 v2.47 Cross-referencing by name of section

(C:\Users\Emmanuel\AppData\Local\Programs\MiKTeX\tex/latex/refcount\refcount.st
y
Package: refcount 2019/12/15 v3.6 Data extraction from label references (HO)
)
(C:\Users\Emmanuel\AppData\Local\Programs\MiKTeX\tex/generic/gettitlestring\get
titlestring.sty
Package: gettitlestring 2019/12/15 v1.6 Cleanup title references (HO)
)
\c@section@level=\count298
)
LaTeX Info: Redefining \ref on input line 39.
LaTeX Info: Redefining \pageref on input line 39.
LaTeX Info: Redefining \nameref on input line 39.
\@outlinefile=\write4
\openout4 = `Data-Report.out'.

LaTeX Font Info:    Trying to load font information for U+rsfs on input line 41
.

(C:\Users\Emmanuel\AppData\Local\Programs\MiKTeX\tex/latex/jknappen\ursfs.fd
File: ursfs.fd 1998/03/24 rsfs font definition file (jk)
)
LaTeX Font Info:    Trying to load font information for U+msa on input line 41.


(C:\Users\Emmanuel\AppData\Local\Programs\MiKTeX\tex/latex/amsfonts\umsa.fd
File: umsa.fd 2013/01/14 v3.01 AMS symbols A
)
LaTeX Font Info:    Trying to load font information for U+msb on input line 41.


(C:\Users\Emmanuel\AppData\Local\Programs\MiKTeX\tex/latex/amsfonts\umsb.fd
File: umsb.fd 2013/01/14 v3.01 AMS symbols B
)
(D:/Users\Emmanuel\Dropbox\Shared-Folder_Baxter-Emmanuel\RA-Work\Orbis\Output\I
T\Table_Descriptive-Stats.tex)
(D:/Users\Emmanuel\Dropbox\Shared-Folder_Baxter-Emmanuel\RA-Work\Orbis\Output\F
R\Table_Descriptive-Stats.tex)
(D:/Users\Emmanuel\Dropbox\Shared-Folder_Baxter-Emmanuel\RA-Work\Orbis\Output\H
U\Table_Descriptive-Stats.tex)
(D:/Users\Emmanuel\Dropbox\Shared-Folder_Baxter-Emmanuel\RA-Work\Orbis\Output\C
Z\Table_Descriptive-Stats.tex) [1

{C:/Users/Emmanuel/AppData/Local/MiKTeX/pdftex/config/pdftex.map}]
(D:/Users\Emmanuel\Dropbox\Shared-Folder_Baxter-Emmanuel\RA-Work\Orbis\Output\I
T\Table_Missing-Observations.tex)
Overfull \hbox (16.74352pt too wide) in paragraph at lines 104--106
 [][] 
 []


(D:/Users\Emmanuel\Dropbox\Shared-Folder_Baxter-Emmanuel\RA-Work\Orbis\Output\F
R\Table_Missing-Observations.tex)
Overfull \hbox (18.92473pt too wide) in paragraph at lines 116--118
 [][] 
 []


(D:/Users\Emmanuel\Dropbox\Shared-Folder_Baxter-Emmanuel\RA-Work\Orbis\Output\H
U\Table_Missing-Observations.tex)
Overfull \hbox (21.86218pt too wide) in paragraph at lines 128--130
 [][] 
 []


(D:/Users\Emmanuel\Dropbox\Shared-Folder_Baxter-Emmanuel\RA-Work\Orbis\Output\C
Z\Table_Missing-Observations.tex) [2]
(D:/Users\Emmanuel\Dropbox\Shared-Folder_Baxter-Emmanuel\RA-Work\Orbis\Output\I
T\Table_Sample-Comparison.tex)
(D:/Users\Emmanuel\Dropbox\Shared-Folder_Baxter-Emmanuel\RA-Work\Orbis\Output\F
R\Table_Sample-Comparison.tex)
(D:/Users\Emmanuel\Dropbox\Shared-Folder_Baxter-Emmanuel\RA-Work\Orbis\Output\H
U\Table_Sample-Comparison.tex)
(D:/Users\Emmanuel\Dropbox\Shared-Folder_Baxter-Emmanuel\RA-Work\Orbis\Output\C
Z\Table_Sample-Comparison.tex) [3]

pdfTeX warning: pdflatex (file D:/Users/Emmanuel/Dropbox/Shared-Folder_Baxter-E
mmanuel/RA-Work/Orbis/Output/IT/Distribution_IPO-Year.pdf): PDF inclusion: foun
d PDF version <1.6>, but at most version <1.5> allowed
<../Output/IT/Distribution_IPO-Year.pdf, id=34, 397.485pt x 289.08pt>
File: ../Output/IT/Distribution_IPO-Year.pdf Graphic file (type pdf)
<use ../Output/IT/Distribution_IPO-Year.pdf>
Package pdftex.def Info: ../Output/IT/Distribution_IPO-Year.pdf  used on input 
line 206.
(pdftex.def)             Requested size: 238.49283pt x 173.44933pt.

Overfull \hbox (8.3103pt too wide) in paragraph at lines 206--207
 [][] 
 []



pdfTeX warning: pdflatex (file D:/Users/Emmanuel/Dropbox/Shared-Folder_Baxter-E
mmanuel/RA-Work/Orbis/Output/CZ/Distribution_IPO-Year.pdf): PDF inclusion: foun
d PDF version <1.6>, but at most version <1.5> allowed
<../Output/CZ/Distribution_IPO-Year.pdf, id=35, 397.485pt x 289.08pt>
File: ../Output/CZ/Distribution_IPO-Year.pdf Graphic file (type pdf)
<use ../Output/CZ/Distribution_IPO-Year.pdf>
Package pdftex.def Info: ../Output/CZ/Distribution_IPO-Year.pdf  used on input 
line 211.
(pdftex.def)             Requested size: 238.49283pt x 173.44933pt.

Overfull \hbox (8.3103pt too wide) in paragraph at lines 211--212
 [][] 
 []



pdfTeX warning: pdflatex (file D:/Users/Emmanuel/Dropbox/Shared-Folder_Baxter-E
mmanuel/RA-Work/Orbis/Output/FR/Distribution_IPO-Year.pdf): PDF inclusion: foun
d PDF version <1.6>, but at most version <1.5> allowed
<../Output/FR/Distribution_IPO-Year.pdf, id=36, 397.485pt x 289.08pt>
File: ../Output/FR/Distribution_IPO-Year.pdf Graphic file (type pdf)
<use ../Output/FR/Distribution_IPO-Year.pdf>
Package pdftex.def Info: ../Output/FR/Distribution_IPO-Year.pdf  used on input 
line 216.
(pdftex.def)             Requested size: 238.49283pt x 173.44933pt.

Overfull \hbox (8.3103pt too wide) in paragraph at lines 216--217
 [][] 
 []



pdfTeX warning: pdflatex (file D:/Users/Emmanuel/Dropbox/Shared-Folder_Baxter-E
mmanuel/RA-Work/Orbis/Output/HU/Distribution_IPO-Year.pdf): PDF inclusion: foun
d PDF version <1.6>, but at most version <1.5> allowed
<../Output/HU/Distribution_IPO-Year.pdf, id=37, 397.485pt x 289.08pt>
File: ../Output/HU/Distribution_IPO-Year.pdf Graphic file (type pdf)
<use ../Output/HU/Distribution_IPO-Year.pdf>
Package pdftex.def Info: ../Output/HU/Distribution_IPO-Year.pdf  used on input 
line 221.
(pdftex.def)             Requested size: 238.49283pt x 173.44933pt.

Overfull \hbox (8.3103pt too wide) in paragraph at lines 221--222
 [][] 
 []

[4 <D:/Users/Emmanuel/Dropbox/Shared-Folder_Baxter-Emmanuel/RA-Work/Orbis/Outpu
t/IT/Distribution_IPO-Year.pdf> <D:/Users/Emmanuel/Dropbox/Shared-Folder_Baxter
-Emmanuel/RA-Work/Orbis/Output/CZ/Distribution_IPO-Year.pdf> <D:/Users/Emmanuel
/Dropbox/Shared-Folder_Baxter-Emmanuel/RA-Work/Orbis/Output/FR/Distribution_IPO
-Year.pdf> <D:/Users/Emmanuel/Dropbox/Shared-Folder_Baxter-Emmanuel/RA-Work/Orb
is/Output/HU/Distribution_IPO-Year.pdf>]
(D:/Users\Emmanuel\Dropbox\Shared-Folder_Baxter-Emmanuel\RA-Work\Orbis\Output\I
T\Table_IPO-Years.tex)
(D:/Users\Emmanuel\Dropbox\Shared-Folder_Baxter-Emmanuel\RA-Work\Orbis\Output\F
R\Table_IPO-Years.tex)
(D:/Users\Emmanuel\Dropbox\Shared-Folder_Baxter-Emmanuel\RA-Work\Orbis\Output\H
U\Table_IPO-Years.tex)
(D:/Users\Emmanuel\Dropbox\Shared-Folder_Baxter-Emmanuel\RA-Work\Orbis\Output\C
Z\Table_IPO-Years.tex) [5]
(D:/Users\Emmanuel\Dropbox\Shared-Folder_Baxter-Emmanuel\RA-Work\Orbis\Output\I
T\Table_IPO-Delisted.tex)
(D:/Users\Emmanuel\Dropbox\Shared-Folder_Baxter-Emmanuel\RA-Work\Orbis\Output\F
R\Table_IPO-Delisted.tex)
(D:/Users\Emmanuel\Dropbox\Shared-Folder_Baxter-Emmanuel\RA-Work\Orbis\Output\H
U\Table_IPO-Delisted.tex)
(D:/Users\Emmanuel\Dropbox\Shared-Folder_Baxter-Emmanuel\RA-Work\Orbis\Output\C
Z\Table_IPO-Delisted.tex) [6]
(D:/Users\Emmanuel\Dropbox\Shared-Folder_Baxter-Emmanuel\RA-Work\Orbis\Output\I
T\Table_IPOyear_Descriptive-Stats.tex)
(D:/Users\Emmanuel\Dropbox\Shared-Folder_Baxter-Emmanuel\RA-Work\Orbis\Output\F
R\Table_IPOyear_Descriptive-Stats.tex)
(D:/Users\Emmanuel\Dropbox\Shared-Folder_Baxter-Emmanuel\RA-Work\Orbis\Output\H
U\Table_IPOyear_Descriptive-Stats.tex)
(D:/Users\Emmanuel\Dropbox\Shared-Folder_Baxter-Emmanuel\RA-Work\Orbis\Output\C
Z\Table_IPOyear_Descriptive-Stats.tex) [7]

pdfTeX warning: pdflatex (file D:/Users/Emmanuel/Dropbox/Shared-Folder_Baxter-E
mmanuel/RA-Work/Orbis/Output/IT/IPO_YearMinusIPO_Sales.pdf): PDF inclusion: fou
nd PDF version <1.6>, but at most version <1.5> allowed
<../Output/IT/IPO_YearMinusIPO_Sales.pdf, id=113, 397.485pt x 289.08pt>
File: ../Output/IT/IPO_YearMinusIPO_Sales.pdf Graphic file (type pdf)
<use ../Output/IT/IPO_YearMinusIPO_Sales.pdf>
Package pdftex.def Info: ../Output/IT/IPO_YearMinusIPO_Sales.pdf  used on input
 line 393.
(pdftex.def)             Requested size: 238.49283pt x 173.44933pt.

Overfull \hbox (8.3103pt too wide) in paragraph at lines 393--394
 [][] 
 []



pdfTeX warning: pdflatex (file D:/Users/Emmanuel/Dropbox/Shared-Folder_Baxter-E
mmanuel/RA-Work/Orbis/Output/CZ/IPO_YearMinusIPO_Sales.pdf): PDF inclusion: fou
nd PDF version <1.6>, but at most version <1.5> allowed
<../Output/CZ/IPO_YearMinusIPO_Sales.pdf, id=114, 397.485pt x 289.08pt>
File: ../Output/CZ/IPO_YearMinusIPO_Sales.pdf Graphic file (type pdf)
<use ../Output/CZ/IPO_YearMinusIPO_Sales.pdf>
Package pdftex.def Info: ../Output/CZ/IPO_YearMinusIPO_Sales.pdf  used on input
 line 398.
(pdftex.def)             Requested size: 238.49283pt x 173.44933pt.

Overfull \hbox (8.3103pt too wide) in paragraph at lines 398--399
 [][] 
 []



pdfTeX warning: pdflatex (file D:/Users/Emmanuel/Dropbox/Shared-Folder_Baxter-E
mmanuel/RA-Work/Orbis/Output/FR/IPO_YearMinusIPO_Sales.pdf): PDF inclusion: fou
nd PDF version <1.6>, but at most version <1.5> allowed
<../Output/FR/IPO_YearMinusIPO_Sales.pdf, id=115, 397.485pt x 289.08pt>
File: ../Output/FR/IPO_YearMinusIPO_Sales.pdf Graphic file (type pdf)
<use ../Output/FR/IPO_YearMinusIPO_Sales.pdf>
Package pdftex.def Info: ../Output/FR/IPO_YearMinusIPO_Sales.pdf  used on input
 line 403.
(pdftex.def)             Requested size: 238.49283pt x 173.44933pt.

Overfull \hbox (8.3103pt too wide) in paragraph at lines 403--404
 [][] 
 []



pdfTeX warning: pdflatex (file D:/Users/Emmanuel/Dropbox/Shared-Folder_Baxter-E
mmanuel/RA-Work/Orbis/Output/HU/IPO_YearMinusIPO_Sales.pdf): PDF inclusion: fou
nd PDF version <1.6>, but at most version <1.5> allowed
<../Output/HU/IPO_YearMinusIPO_Sales.pdf, id=116, 397.485pt x 289.08pt>
File: ../Output/HU/IPO_YearMinusIPO_Sales.pdf Graphic file (type pdf)
<use ../Output/HU/IPO_YearMinusIPO_Sales.pdf>
Package pdftex.def Info: ../Output/HU/IPO_YearMinusIPO_Sales.pdf  used on input
 line 408.
(pdftex.def)             Requested size: 238.49283pt x 173.44933pt.

Overfull \hbox (8.3103pt too wide) in paragraph at lines 408--409
 [][] 
 []

[8 <D:/Users/Emmanuel/Dropbox/Shared-Folder_Baxter-Emmanuel/RA-Work/Orbis/Outpu
t/IT/IPO_YearMinusIPO_Sales.pdf> <D:/Users/Emmanuel/Dropbox/Shared-Folder_Baxte
r-Emmanuel/RA-Work/Orbis/Output/CZ/IPO_YearMinusIPO_Sales.pdf> <D:/Users/Emmanu
el/Dropbox/Shared-Folder_Baxter-Emmanuel/RA-Work/Orbis/Output/FR/IPO_YearMinusI
PO_Sales.pdf> <D:/Users/Emmanuel/Dropbox/Shared-Folder_Baxter-Emmanuel/RA-Work/
Orbis/Output/HU/IPO_YearMinusIPO_Sales.pdf>]

pdfTeX warning: pdflatex (file D:/Users/Emmanuel/Dropbox/Shared-Folder_Baxter-E
mmanuel/RA-Work/Orbis/Output/IT/IPO_YearMinusIPO_SalesPerEmployee.pdf): PDF inc
lusion: found PDF version <1.6>, but at most version <1.5> allowed
<../Output/IT/IPO_YearMinusIPO_SalesPerEmployee.pdf, id=163, 397.485pt x 289.08
pt>
File: ../Output/IT/IPO_YearMinusIPO_SalesPerEmployee.pdf Graphic file (type pdf
)
<use ../Output/IT/IPO_YearMinusIPO_SalesPerEmployee.pdf>
Package pdftex.def Info: ../Output/IT/IPO_YearMinusIPO_SalesPerEmployee.pdf  us
ed on input line 419.
(pdftex.def)             Requested size: 238.49283pt x 173.44933pt.

Overfull \hbox (8.3103pt too wide) in paragraph at lines 419--420
 [][] 
 []



pdfTeX warning: pdflatex (file D:/Users/Emmanuel/Dropbox/Shared-Folder_Baxter-E
mmanuel/RA-Work/Orbis/Output/CZ/IPO_YearMinusIPO_SalesPerEmployee.pdf): PDF inc
lusion: found PDF version <1.6>, but at most version <1.5> allowed
<../Output/CZ/IPO_YearMinusIPO_SalesPerEmployee.pdf, id=164, 397.485pt x 289.08
pt>
File: ../Output/CZ/IPO_YearMinusIPO_SalesPerEmployee.pdf Graphic file (type pdf
)
<use ../Output/CZ/IPO_YearMinusIPO_SalesPerEmployee.pdf>
Package pdftex.def Info: ../Output/CZ/IPO_YearMinusIPO_SalesPerEmployee.pdf  us
ed on input line 424.
(pdftex.def)             Requested size: 238.49283pt x 173.44933pt.

Overfull \hbox (8.3103pt too wide) in paragraph at lines 424--425
 [][] 
 []



pdfTeX warning: pdflatex (file D:/Users/Emmanuel/Dropbox/Shared-Folder_Baxter-E
mmanuel/RA-Work/Orbis/Output/FR/IPO_YearMinusIPO_SalesPerEmployee.pdf): PDF inc
lusion: found PDF version <1.6>, but at most version <1.5> allowed
<../Output/FR/IPO_YearMinusIPO_SalesPerEmployee.pdf, id=165, 397.485pt x 289.08
pt>
File: ../Output/FR/IPO_YearMinusIPO_SalesPerEmployee.pdf Graphic file (type pdf
)
<use ../Output/FR/IPO_YearMinusIPO_SalesPerEmployee.pdf>
Package pdftex.def Info: ../Output/FR/IPO_YearMinusIPO_SalesPerEmployee.pdf  us
ed on input line 429.
(pdftex.def)             Requested size: 238.49283pt x 173.44933pt.

Overfull \hbox (8.3103pt too wide) in paragraph at lines 429--430
 [][] 
 []



pdfTeX warning: pdflatex (file D:/Users/Emmanuel/Dropbox/Shared-Folder_Baxter-E
mmanuel/RA-Work/Orbis/Output/HU/IPO_YearMinusIPO_SalesPerEmployee.pdf): PDF inc
lusion: found PDF version <1.6>, but at most version <1.5> allowed
<../Output/HU/IPO_YearMinusIPO_SalesPerEmployee.pdf, id=166, 397.485pt x 289.08
pt>
File: ../Output/HU/IPO_YearMinusIPO_SalesPerEmployee.pdf Graphic file (type pdf
)
<use ../Output/HU/IPO_YearMinusIPO_SalesPerEmployee.pdf>
Package pdftex.def Info: ../Output/HU/IPO_YearMinusIPO_SalesPerEmployee.pdf  us
ed on input line 434.
(pdftex.def)             Requested size: 238.49283pt x 173.44933pt.

Overfull \hbox (8.3103pt too wide) in paragraph at lines 434--435
 [][] 
 []

[9 <D:/Users/Emmanuel/Dropbox/Shared-Folder_Baxter-Emmanuel/RA-Work/Orbis/Outpu
t/IT/IPO_YearMinusIPO_SalesPerEmployee.pdf> <D:/Users/Emmanuel/Dropbox/Shared-F
older_Baxter-Emmanuel/RA-Work/Orbis/Output/CZ/IPO_YearMinusIPO_SalesPerEmployee
.pdf> <D:/Users/Emmanuel/Dropbox/Shared-Folder_Baxter-Emmanuel/RA-Work/Orbis/Ou
tput/FR/IPO_YearMinusIPO_SalesPerEmployee.pdf> <D:/Users/Emmanuel/Dropbox/Share
d-Folder_Baxter-Emmanuel/RA-Work/Orbis/Output/HU/IPO_YearMinusIPO_SalesPerEmplo
yee.pdf>]

pdfTeX warning: pdflatex (file D:/Users/Emmanuel/Dropbox/Shared-Folder_Baxter-E
mmanuel/RA-Work/Orbis/Output/IT/IPO_YearMinusIPO_GrossProfits.pdf): PDF inclusi
on: found PDF version <1.6>, but at most version <1.5> allowed
<../Output/IT/IPO_YearMinusIPO_GrossProfits.pdf, id=212, 397.485pt x 289.08pt>
File: ../Output/IT/IPO_YearMinusIPO_GrossProfits.pdf Graphic file (type pdf)
<use ../Output/IT/IPO_YearMinusIPO_GrossProfits.pdf>
Package pdftex.def Info: ../Output/IT/IPO_YearMinusIPO_GrossProfits.pdf  used o
n input line 445.
(pdftex.def)             Requested size: 238.49283pt x 173.44933pt.

Overfull \hbox (8.3103pt too wide) in paragraph at lines 445--446
 [][] 
 []



pdfTeX warning: pdflatex (file D:/Users/Emmanuel/Dropbox/Shared-Folder_Baxter-E
mmanuel/RA-Work/Orbis/Output/CZ/IPO_YearMinusIPO_GrossProfits.pdf): PDF inclusi
on: found PDF version <1.6>, but at most version <1.5> allowed
<../Output/CZ/IPO_YearMinusIPO_GrossProfits.pdf, id=213, 397.485pt x 289.08pt>
File: ../Output/CZ/IPO_YearMinusIPO_GrossProfits.pdf Graphic file (type pdf)
<use ../Output/CZ/IPO_YearMinusIPO_GrossProfits.pdf>
Package pdftex.def Info: ../Output/CZ/IPO_YearMinusIPO_GrossProfits.pdf  used o
n input line 450.
(pdftex.def)             Requested size: 238.49283pt x 173.44933pt.

Overfull \hbox (8.3103pt too wide) in paragraph at lines 450--451
 [][] 
 []



pdfTeX warning: pdflatex (file D:/Users/Emmanuel/Dropbox/Shared-Folder_Baxter-E
mmanuel/RA-Work/Orbis/Output/FR/IPO_YearMinusIPO_GrossProfits.pdf): PDF inclusi
on: found PDF version <1.6>, but at most version <1.5> allowed
<../Output/FR/IPO_YearMinusIPO_GrossProfits.pdf, id=214, 397.485pt x 289.08pt>
File: ../Output/FR/IPO_YearMinusIPO_GrossProfits.pdf Graphic file (type pdf)
<use ../Output/FR/IPO_YearMinusIPO_GrossProfits.pdf>
Package pdftex.def Info: ../Output/FR/IPO_YearMinusIPO_GrossProfits.pdf  used o
n input line 455.
(pdftex.def)             Requested size: 238.49283pt x 173.44933pt.

Overfull \hbox (8.3103pt too wide) in paragraph at lines 455--456
 [][] 
 []



pdfTeX warning: pdflatex (file D:/Users/Emmanuel/Dropbox/Shared-Folder_Baxter-E
mmanuel/RA-Work/Orbis/Output/HU/IPO_YearMinusIPO_GrossProfits.pdf): PDF inclusi
on: found PDF version <1.6>, but at most version <1.5> allowed
<../Output/HU/IPO_YearMinusIPO_GrossProfits.pdf, id=215, 397.485pt x 289.08pt>
File: ../Output/HU/IPO_YearMinusIPO_GrossProfits.pdf Graphic file (type pdf)
<use ../Output/HU/IPO_YearMinusIPO_GrossProfits.pdf>
Package pdftex.def Info: ../Output/HU/IPO_YearMinusIPO_GrossProfits.pdf  used o
n input line 460.
(pdftex.def)             Requested size: 238.49283pt x 173.44933pt.

Overfull \hbox (8.3103pt too wide) in paragraph at lines 460--461
 [][] 
 []

[10 <D:/Users/Emmanuel/Dropbox/Shared-Folder_Baxter-Emmanuel/RA-Work/Orbis/Outp
ut/IT/IPO_YearMinusIPO_GrossProfits.pdf> <D:/Users/Emmanuel/Dropbox/Shared-Fold
er_Baxter-Emmanuel/RA-Work/Orbis/Output/CZ/IPO_YearMinusIPO_GrossProfits.pdf> <
D:/Users/Emmanuel/Dropbox/Shared-Folder_Baxter-Emmanuel/RA-Work/Orbis/Output/FR
/IPO_YearMinusIPO_GrossProfits.pdf> <D:/Users/Emmanuel/Dropbox/Shared-Folder_Ba
xter-Emmanuel/RA-Work/Orbis/Output/HU/IPO_YearMinusIPO_GrossProfits.pdf>]

pdfTeX warning: pdflatex (file D:/Users/Emmanuel/Dropbox/Shared-Folder_Baxter-E
mmanuel/RA-Work/Orbis/Output/IT/IPO_YearMinusIPO_Profitability.pdf): PDF inclus
ion: found PDF version <1.6>, but at most version <1.5> allowed
<../Output/IT/IPO_YearMinusIPO_Profitability.pdf, id=261, 397.485pt x 289.08pt>

File: ../Output/IT/IPO_YearMinusIPO_Profitability.pdf Graphic file (type pdf)
<use ../Output/IT/IPO_YearMinusIPO_Profitability.pdf>
Package pdftex.def Info: ../Output/IT/IPO_YearMinusIPO_Profitability.pdf  used 
on input line 471.
(pdftex.def)             Requested size: 238.49283pt x 173.44933pt.

Overfull \hbox (8.3103pt too wide) in paragraph at lines 471--472
 [][] 
 []



pdfTeX warning: pdflatex (file D:/Users/Emmanuel/Dropbox/Shared-Folder_Baxter-E
mmanuel/RA-Work/Orbis/Output/CZ/IPO_YearMinusIPO_Profitability.pdf): PDF inclus
ion: found PDF version <1.6>, but at most version <1.5> allowed
<../Output/CZ/IPO_YearMinusIPO_Profitability.pdf, id=262, 397.485pt x 289.08pt>

File: ../Output/CZ/IPO_YearMinusIPO_Profitability.pdf Graphic file (type pdf)
<use ../Output/CZ/IPO_YearMinusIPO_Profitability.pdf>
Package pdftex.def Info: ../Output/CZ/IPO_YearMinusIPO_Profitability.pdf  used 
on input line 476.
(pdftex.def)             Requested size: 238.49283pt x 173.44933pt.

Overfull \hbox (8.3103pt too wide) in paragraph at lines 476--477
 [][] 
 []



pdfTeX warning: pdflatex (file D:/Users/Emmanuel/Dropbox/Shared-Folder_Baxter-E
mmanuel/RA-Work/Orbis/Output/FR/IPO_YearMinusIPO_Profitability.pdf): PDF inclus
ion: found PDF version <1.6>, but at most version <1.5> allowed
<../Output/FR/IPO_YearMinusIPO_Profitability.pdf, id=263, 397.485pt x 289.08pt>

File: ../Output/FR/IPO_YearMinusIPO_Profitability.pdf Graphic file (type pdf)
<use ../Output/FR/IPO_YearMinusIPO_Profitability.pdf>
Package pdftex.def Info: ../Output/FR/IPO_YearMinusIPO_Profitability.pdf  used 
on input line 481.
(pdftex.def)             Requested size: 238.49283pt x 173.44933pt.

Overfull \hbox (8.3103pt too wide) in paragraph at lines 481--482
 [][] 
 []



pdfTeX warning: pdflatex (file D:/Users/Emmanuel/Dropbox/Shared-Folder_Baxter-E
mmanuel/RA-Work/Orbis/Output/HU/IPO_YearMinusIPO_Profitability.pdf): PDF inclus
ion: found PDF version <1.6>, but at most version <1.5> allowed
<../Output/HU/IPO_YearMinusIPO_Profitability.pdf, id=264, 397.485pt x 289.08pt>

File: ../Output/HU/IPO_YearMinusIPO_Profitability.pdf Graphic file (type pdf)
<use ../Output/HU/IPO_YearMinusIPO_Profitability.pdf>
Package pdftex.def Info: ../Output/HU/IPO_YearMinusIPO_Profitability.pdf  used 
on input line 486.
(pdftex.def)             Requested size: 238.49283pt x 173.44933pt.

Overfull \hbox (8.3103pt too wide) in paragraph at lines 486--487
 [][] 
 []

[11 <D:/Users/Emmanuel/Dropbox/Shared-Folder_Baxter-Emmanuel/RA-Work/Orbis/Outp
ut/IT/IPO_YearMinusIPO_Profitability.pdf> <D:/Users/Emmanuel/Dropbox/Shared-Fol
der_Baxter-Emmanuel/RA-Work/Orbis/Output/CZ/IPO_YearMinusIPO_Profitability.pdf>
 <D:/Users/Emmanuel/Dropbox/Shared-Folder_Baxter-Emmanuel/RA-Work/Orbis/Output/
FR/IPO_YearMinusIPO_Profitability.pdf> <D:/Users/Emmanuel/Dropbox/Shared-Folder
_Baxter-Emmanuel/RA-Work/Orbis/Output/HU/IPO_YearMinusIPO_Profitability.pdf>]

pdfTeX warning: pdflatex (file D:/Users/Emmanuel/Dropbox/Shared-Folder_Baxter-E
mmanuel/RA-Work/Orbis/Output/IT/IPO_YearMinusIPO_nEmployees.pdf): PDF inclusion
: found PDF version <1.6>, but at most version <1.5> allowed
<../Output/IT/IPO_YearMinusIPO_nEmployees.pdf, id=310, 397.485pt x 289.08pt>
File: ../Output/IT/IPO_YearMinusIPO_nEmployees.pdf Graphic file (type pdf)
<use ../Output/IT/IPO_YearMinusIPO_nEmployees.pdf>
Package pdftex.def Info: ../Output/IT/IPO_YearMinusIPO_nEmployees.pdf  used on 
input line 497.
(pdftex.def)             Requested size: 238.49283pt x 173.44933pt.

Overfull \hbox (8.3103pt too wide) in paragraph at lines 497--498
 [][] 
 []



pdfTeX warning: pdflatex (file D:/Users/Emmanuel/Dropbox/Shared-Folder_Baxter-E
mmanuel/RA-Work/Orbis/Output/CZ/IPO_YearMinusIPO_nEmployees.pdf): PDF inclusion
: found PDF version <1.6>, but at most version <1.5> allowed
<../Output/CZ/IPO_YearMinusIPO_nEmployees.pdf, id=311, 397.485pt x 289.08pt>
File: ../Output/CZ/IPO_YearMinusIPO_nEmployees.pdf Graphic file (type pdf)
<use ../Output/CZ/IPO_YearMinusIPO_nEmployees.pdf>
Package pdftex.def Info: ../Output/CZ/IPO_YearMinusIPO_nEmployees.pdf  used on 
input line 502.
(pdftex.def)             Requested size: 238.49283pt x 173.44933pt.

Overfull \hbox (8.3103pt too wide) in paragraph at lines 502--503
 [][] 
 []



pdfTeX warning: pdflatex (file D:/Users/Emmanuel/Dropbox/Shared-Folder_Baxter-E
mmanuel/RA-Work/Orbis/Output/FR/IPO_YearMinusIPO_nEmployees.pdf): PDF inclusion
: found PDF version <1.6>, but at most version <1.5> allowed
<../Output/FR/IPO_YearMinusIPO_nEmployees.pdf, id=312, 397.485pt x 289.08pt>
File: ../Output/FR/IPO_YearMinusIPO_nEmployees.pdf Graphic file (type pdf)
<use ../Output/FR/IPO_YearMinusIPO_nEmployees.pdf>
Package pdftex.def Info: ../Output/FR/IPO_YearMinusIPO_nEmployees.pdf  used on 
input line 507.
(pdftex.def)             Requested size: 238.49283pt x 173.44933pt.

Overfull \hbox (8.3103pt too wide) in paragraph at lines 507--508
 [][] 
 []



pdfTeX warning: pdflatex (file D:/Users/Emmanuel/Dropbox/Shared-Folder_Baxter-E
mmanuel/RA-Work/Orbis/Output/HU/IPO_YearMinusIPO_nEmployees.pdf): PDF inclusion
: found PDF version <1.6>, but at most version <1.5> allowed
<../Output/HU/IPO_YearMinusIPO_nEmployees.pdf, id=313, 397.485pt x 289.08pt>
File: ../Output/HU/IPO_YearMinusIPO_nEmployees.pdf Graphic file (type pdf)
<use ../Output/HU/IPO_YearMinusIPO_nEmployees.pdf>
Package pdftex.def Info: ../Output/HU/IPO_YearMinusIPO_nEmployees.pdf  used on 
input line 512.
(pdftex.def)             Requested size: 238.49283pt x 173.44933pt.

Overfull \hbox (8.3103pt too wide) in paragraph at lines 512--513
 [][] 
 []

[12 <D:/Users/Emmanuel/Dropbox/Shared-Folder_Baxter-Emmanuel/RA-Work/Orbis/Outp
ut/IT/IPO_YearMinusIPO_nEmployees.pdf> <D:/Users/Emmanuel/Dropbox/Shared-Folder
_Baxter-Emmanuel/RA-Work/Orbis/Output/CZ/IPO_YearMinusIPO_nEmployees.pdf> <D:/U
sers/Emmanuel/Dropbox/Shared-Folder_Baxter-Emmanuel/RA-Work/Orbis/Output/FR/IPO
_YearMinusIPO_nEmployees.pdf> <D:/Users/Emmanuel/Dropbox/Shared-Folder_Baxter-E
mmanuel/RA-Work/Orbis/Output/HU/IPO_YearMinusIPO_nEmployees.pdf>]

pdfTeX warning: pdflatex (file D:/Users/Emmanuel/Dropbox/Shared-Folder_Baxter-E
mmanuel/RA-Work/Orbis/Output/IT/IPO_YearMinusIPO_nEmployees_decomposition.pdf):
 PDF inclusion: found PDF version <1.6>, but at most version <1.5> allowed
<../Output/IT/IPO_YearMinusIPO_nEmployees_decomposition.pdf, id=359, 397.485pt 
x 289.08pt>
File: ../Output/IT/IPO_YearMinusIPO_nEmployees_decomposition.pdf Graphic file (
type pdf)
<use ../Output/IT/IPO_YearMinusIPO_nEmployees_decomposition.pdf>
Package pdftex.def Info: ../Output/IT/IPO_YearMinusIPO_nEmployees_decomposition
.pdf  used on input line 524.
(pdftex.def)             Requested size: 238.49283pt x 173.44933pt.

Overfull \hbox (8.3103pt too wide) in paragraph at lines 524--525
 [][] 
 []



pdfTeX warning: pdflatex (file D:/Users/Emmanuel/Dropbox/Shared-Folder_Baxter-E
mmanuel/RA-Work/Orbis/Output/CZ/IPO_YearMinusIPO_nEmployees_decomposition.pdf):
 PDF inclusion: found PDF version <1.6>, but at most version <1.5> allowed
<../Output/CZ/IPO_YearMinusIPO_nEmployees_decomposition.pdf, id=360, 397.485pt 
x 289.08pt>
File: ../Output/CZ/IPO_YearMinusIPO_nEmployees_decomposition.pdf Graphic file (
type pdf)
<use ../Output/CZ/IPO_YearMinusIPO_nEmployees_decomposition.pdf>
Package pdftex.def Info: ../Output/CZ/IPO_YearMinusIPO_nEmployees_decomposition
.pdf  used on input line 529.
(pdftex.def)             Requested size: 238.49283pt x 173.44933pt.

Overfull \hbox (8.3103pt too wide) in paragraph at lines 529--530
 [][] 
 []



pdfTeX warning: pdflatex (file D:/Users/Emmanuel/Dropbox/Shared-Folder_Baxter-E
mmanuel/RA-Work/Orbis/Output/FR/IPO_YearMinusIPO_nEmployees_decomposition.pdf):
 PDF inclusion: found PDF version <1.6>, but at most version <1.5> allowed
<../Output/FR/IPO_YearMinusIPO_nEmployees_decomposition.pdf, id=361, 397.485pt 
x 289.08pt>
File: ../Output/FR/IPO_YearMinusIPO_nEmployees_decomposition.pdf Graphic file (
type pdf)
<use ../Output/FR/IPO_YearMinusIPO_nEmployees_decomposition.pdf>
Package pdftex.def Info: ../Output/FR/IPO_YearMinusIPO_nEmployees_decomposition
.pdf  used on input line 534.
(pdftex.def)             Requested size: 238.49283pt x 173.44933pt.

Overfull \hbox (8.3103pt too wide) in paragraph at lines 534--535
 [][] 
 []



pdfTeX warning: pdflatex (file D:/Users/Emmanuel/Dropbox/Shared-Folder_Baxter-E
mmanuel/RA-Work/Orbis/Output/HU/IPO_YearMinusIPO_nEmployees_decomposition.pdf):
 PDF inclusion: found PDF version <1.6>, but at most version <1.5> allowed
<../Output/HU/IPO_YearMinusIPO_nEmployees_decomposition.pdf, id=362, 397.485pt 
x 289.08pt>
File: ../Output/HU/IPO_YearMinusIPO_nEmployees_decomposition.pdf Graphic file (
type pdf)
<use ../Output/HU/IPO_YearMinusIPO_nEmployees_decomposition.pdf>
Package pdftex.def Info: ../Output/HU/IPO_YearMinusIPO_nEmployees_decomposition
.pdf  used on input line 539.
(pdftex.def)             Requested size: 238.49283pt x 173.44933pt.

Overfull \hbox (8.3103pt too wide) in paragraph at lines 539--540
 [][] 
 []

[13 <D:/Users/Emmanuel/Dropbox/Shared-Folder_Baxter-Emmanuel/RA-Work/Orbis/Outp
ut/IT/IPO_YearMinusIPO_nEmployees_decomposition.pdf> <D:/Users/Emmanuel/Dropbox
/Shared-Folder_Baxter-Emmanuel/RA-Work/Orbis/Output/CZ/IPO_YearMinusIPO_nEmploy
ees_decomposition.pdf> <D:/Users/Emmanuel/Dropbox/Shared-Folder_Baxter-Emmanuel
/RA-Work/Orbis/Output/FR/IPO_YearMinusIPO_nEmployees_decomposition.pdf> <D:/Use
rs/Emmanuel/Dropbox/Shared-Folder_Baxter-Emmanuel/RA-Work/Orbis/Output/HU/IPO_Y
earMinusIPO_nEmployees_decomposition.pdf>]

pdfTeX warning: pdflatex (file D:/Users/Emmanuel/Dropbox/Shared-Folder_Baxter-E
mmanuel/RA-Work/Orbis/Output/IT/IPO_YearMinusIPO_SalesGrowth_h.pdf): PDF inclus
ion: found PDF version <1.6>, but at most version <1.5> allowed
<../Output/IT/IPO_YearMinusIPO_SalesGrowth_h.pdf, id=410, 397.485pt x 289.08pt>

File: ../Output/IT/IPO_YearMinusIPO_SalesGrowth_h.pdf Graphic file (type pdf)
<use ../Output/IT/IPO_YearMinusIPO_SalesGrowth_h.pdf>
Package pdftex.def Info: ../Output/IT/IPO_YearMinusIPO_SalesGrowth_h.pdf  used 
on input line 551.
(pdftex.def)             Requested size: 238.49283pt x 173.44933pt.

Overfull \hbox (8.3103pt too wide) in paragraph at lines 551--552
 [][] 
 []



pdfTeX warning: pdflatex (file D:/Users/Emmanuel/Dropbox/Shared-Folder_Baxter-E
mmanuel/RA-Work/Orbis/Output/CZ/IPO_YearMinusIPO_SalesGrowth_h.pdf): PDF inclus
ion: found PDF version <1.6>, but at most version <1.5> allowed
<../Output/CZ/IPO_YearMinusIPO_SalesGrowth_h.pdf, id=411, 397.485pt x 289.08pt>

File: ../Output/CZ/IPO_YearMinusIPO_SalesGrowth_h.pdf Graphic file (type pdf)
<use ../Output/CZ/IPO_YearMinusIPO_SalesGrowth_h.pdf>
Package pdftex.def Info: ../Output/CZ/IPO_YearMinusIPO_SalesGrowth_h.pdf  used 
on input line 556.
(pdftex.def)             Requested size: 238.49283pt x 173.44933pt.

Overfull \hbox (8.3103pt too wide) in paragraph at lines 556--557
 [][] 
 []



pdfTeX warning: pdflatex (file D:/Users/Emmanuel/Dropbox/Shared-Folder_Baxter-E
mmanuel/RA-Work/Orbis/Output/FR/IPO_YearMinusIPO_SalesGrowth_h.pdf): PDF inclus
ion: found PDF version <1.6>, but at most version <1.5> allowed
<../Output/FR/IPO_YearMinusIPO_SalesGrowth_h.pdf, id=412, 397.485pt x 289.08pt>

File: ../Output/FR/IPO_YearMinusIPO_SalesGrowth_h.pdf Graphic file (type pdf)
<use ../Output/FR/IPO_YearMinusIPO_SalesGrowth_h.pdf>
Package pdftex.def Info: ../Output/FR/IPO_YearMinusIPO_SalesGrowth_h.pdf  used 
on input line 561.
(pdftex.def)             Requested size: 238.49283pt x 173.44933pt.

Overfull \hbox (8.3103pt too wide) in paragraph at lines 561--562
 [][] 
 []



pdfTeX warning: pdflatex (file D:/Users/Emmanuel/Dropbox/Shared-Folder_Baxter-E
mmanuel/RA-Work/Orbis/Output/HU/IPO_YearMinusIPO_SalesGrowth_h.pdf): PDF inclus
ion: found PDF version <1.6>, but at most version <1.5> allowed
<../Output/HU/IPO_YearMinusIPO_SalesGrowth_h.pdf, id=413, 397.485pt x 289.08pt>

File: ../Output/HU/IPO_YearMinusIPO_SalesGrowth_h.pdf Graphic file (type pdf)
<use ../Output/HU/IPO_YearMinusIPO_SalesGrowth_h.pdf>
Package pdftex.def Info: ../Output/HU/IPO_YearMinusIPO_SalesGrowth_h.pdf  used 
on input line 566.
(pdftex.def)             Requested size: 238.49283pt x 173.44933pt.

Overfull \hbox (8.3103pt too wide) in paragraph at lines 566--567
 [][] 
 []

[14 <D:/Users/Emmanuel/Dropbox/Shared-Folder_Baxter-Emmanuel/RA-Work/Orbis/Outp
ut/IT/IPO_YearMinusIPO_SalesGrowth_h.pdf> <D:/Users/Emmanuel/Dropbox/Shared-Fol
der_Baxter-Emmanuel/RA-Work/Orbis/Output/CZ/IPO_YearMinusIPO_SalesGrowth_h.pdf>
 <D:/Users/Emmanuel/Dropbox/Shared-Folder_Baxter-Emmanuel/RA-Work/Orbis/Output/
FR/IPO_YearMinusIPO_SalesGrowth_h.pdf> <D:/Users/Emmanuel/Dropbox/Shared-Folder
_Baxter-Emmanuel/RA-Work/Orbis/Output/HU/IPO_YearMinusIPO_SalesGrowth_h.pdf>]

pdfTeX warning: pdflatex (file D:/Users/Emmanuel/Dropbox/Shared-Folder_Baxter-E
mmanuel/RA-Work/Orbis/Output/IT/IPO_YearMinusIPO_EmpGrowth_h.pdf): PDF inclusio
n: found PDF version <1.6>, but at most version <1.5> allowed
<../Output/IT/IPO_YearMinusIPO_EmpGrowth_h.pdf, id=460, 397.485pt x 289.08pt>
File: ../Output/IT/IPO_YearMinusIPO_EmpGrowth_h.pdf Graphic file (type pdf)
<use ../Output/IT/IPO_YearMinusIPO_EmpGrowth_h.pdf>
Package pdftex.def Info: ../Output/IT/IPO_YearMinusIPO_EmpGrowth_h.pdf  used on
 input line 578.
(pdftex.def)             Requested size: 238.49283pt x 173.44933pt.

Overfull \hbox (8.3103pt too wide) in paragraph at lines 578--579
 [][] 
 []



pdfTeX warning: pdflatex (file D:/Users/Emmanuel/Dropbox/Shared-Folder_Baxter-E
mmanuel/RA-Work/Orbis/Output/CZ/IPO_YearMinusIPO_EmpGrowth_h.pdf): PDF inclusio
n: found PDF version <1.6>, but at most version <1.5> allowed
<../Output/CZ/IPO_YearMinusIPO_EmpGrowth_h.pdf, id=461, 397.485pt x 289.08pt>
File: ../Output/CZ/IPO_YearMinusIPO_EmpGrowth_h.pdf Graphic file (type pdf)
<use ../Output/CZ/IPO_YearMinusIPO_EmpGrowth_h.pdf>
Package pdftex.def Info: ../Output/CZ/IPO_YearMinusIPO_EmpGrowth_h.pdf  used on
 input line 583.
(pdftex.def)             Requested size: 238.49283pt x 173.44933pt.

Overfull \hbox (8.3103pt too wide) in paragraph at lines 583--584
 [][] 
 []



pdfTeX warning: pdflatex (file D:/Users/Emmanuel/Dropbox/Shared-Folder_Baxter-E
mmanuel/RA-Work/Orbis/Output/FR/IPO_YearMinusIPO_EmpGrowth_h.pdf): PDF inclusio
n: found PDF version <1.6>, but at most version <1.5> allowed
<../Output/FR/IPO_YearMinusIPO_EmpGrowth_h.pdf, id=462, 397.485pt x 289.08pt>
File: ../Output/FR/IPO_YearMinusIPO_EmpGrowth_h.pdf Graphic file (type pdf)
<use ../Output/FR/IPO_YearMinusIPO_EmpGrowth_h.pdf>
Package pdftex.def Info: ../Output/FR/IPO_YearMinusIPO_EmpGrowth_h.pdf  used on
 input line 588.
(pdftex.def)             Requested size: 238.49283pt x 173.44933pt.

Overfull \hbox (8.3103pt too wide) in paragraph at lines 588--589
 [][] 
 []



pdfTeX warning: pdflatex (file D:/Users/Emmanuel/Dropbox/Shared-Folder_Baxter-E
mmanuel/RA-Work/Orbis/Output/HU/IPO_YearMinusIPO_EmpGrowth_h.pdf): PDF inclusio
n: found PDF version <1.6>, but at most version <1.5> allowed
<../Output/HU/IPO_YearMinusIPO_EmpGrowth_h.pdf, id=463, 397.485pt x 289.08pt>
File: ../Output/HU/IPO_YearMinusIPO_EmpGrowth_h.pdf Graphic file (type pdf)
<use ../Output/HU/IPO_YearMinusIPO_EmpGrowth_h.pdf>
Package pdftex.def Info: ../Output/HU/IPO_YearMinusIPO_EmpGrowth_h.pdf  used on
 input line 593.
(pdftex.def)             Requested size: 238.49283pt x 173.44933pt.

Overfull \hbox (8.3103pt too wide) in paragraph at lines 593--594
 [][] 
 []

[15 <D:/Users/Emmanuel/Dropbox/Shared-Folder_Baxter-Emmanuel/RA-Work/Orbis/Outp
ut/IT/IPO_YearMinusIPO_EmpGrowth_h.pdf> <D:/Users/Emmanuel/Dropbox/Shared-Folde
r_Baxter-Emmanuel/RA-Work/Orbis/Output/CZ/IPO_YearMinusIPO_EmpGrowth_h.pdf> <D:
/Users/Emmanuel/Dropbox/Shared-Folder_Baxter-Emmanuel/RA-Work/Orbis/Output/FR/I
PO_YearMinusIPO_EmpGrowth_h.pdf> <D:/Users/Emmanuel/Dropbox/Shared-Folder_Baxte
r-Emmanuel/RA-Work/Orbis/Output/HU/IPO_YearMinusIPO_EmpGrowth_h.pdf>]

pdfTeX warning: pdflatex (file D:/Users/Emmanuel/Dropbox/Shared-Folder_Baxter-E
mmanuel/RA-Work/Orbis/Output/IT/IPO_YearMinusIPO_ProfitGrowth_h.pdf): PDF inclu
sion: found PDF version <1.6>, but at most version <1.5> allowed
<../Output/IT/IPO_YearMinusIPO_ProfitGrowth_h.pdf, id=510, 397.485pt x 289.08pt
>
File: ../Output/IT/IPO_YearMinusIPO_ProfitGrowth_h.pdf Graphic file (type pdf)
<use ../Output/IT/IPO_YearMinusIPO_ProfitGrowth_h.pdf>
Package pdftex.def Info: ../Output/IT/IPO_YearMinusIPO_ProfitGrowth_h.pdf  used
 on input line 605.
(pdftex.def)             Requested size: 238.49283pt x 173.44933pt.

Overfull \hbox (8.3103pt too wide) in paragraph at lines 605--606
 [][] 
 []



pdfTeX warning: pdflatex (file D:/Users/Emmanuel/Dropbox/Shared-Folder_Baxter-E
mmanuel/RA-Work/Orbis/Output/CZ/IPO_YearMinusIPO_ProfitGrowth_h.pdf): PDF inclu
sion: found PDF version <1.6>, but at most version <1.5> allowed
<../Output/CZ/IPO_YearMinusIPO_ProfitGrowth_h.pdf, id=511, 397.485pt x 289.08pt
>
File: ../Output/CZ/IPO_YearMinusIPO_ProfitGrowth_h.pdf Graphic file (type pdf)
<use ../Output/CZ/IPO_YearMinusIPO_ProfitGrowth_h.pdf>
Package pdftex.def Info: ../Output/CZ/IPO_YearMinusIPO_ProfitGrowth_h.pdf  used
 on input line 610.
(pdftex.def)             Requested size: 238.49283pt x 173.44933pt.

Overfull \hbox (8.3103pt too wide) in paragraph at lines 610--611
 [][] 
 []



pdfTeX warning: pdflatex (file D:/Users/Emmanuel/Dropbox/Shared-Folder_Baxter-E
mmanuel/RA-Work/Orbis/Output/FR/IPO_YearMinusIPO_ProfitGrowth_h.pdf): PDF inclu
sion: found PDF version <1.6>, but at most version <1.5> allowed
<../Output/FR/IPO_YearMinusIPO_ProfitGrowth_h.pdf, id=512, 397.485pt x 289.08pt
>
File: ../Output/FR/IPO_YearMinusIPO_ProfitGrowth_h.pdf Graphic file (type pdf)
<use ../Output/FR/IPO_YearMinusIPO_ProfitGrowth_h.pdf>
Package pdftex.def Info: ../Output/FR/IPO_YearMinusIPO_ProfitGrowth_h.pdf  used
 on input line 615.
(pdftex.def)             Requested size: 238.49283pt x 173.44933pt.

Overfull \hbox (8.3103pt too wide) in paragraph at lines 615--616
 [][] 
 []



pdfTeX warning: pdflatex (file D:/Users/Emmanuel/Dropbox/Shared-Folder_Baxter-E
mmanuel/RA-Work/Orbis/Output/HU/IPO_YearMinusIPO_ProfitGrowth_h.pdf): PDF inclu
sion: found PDF version <1.6>, but at most version <1.5> allowed
<../Output/HU/IPO_YearMinusIPO_ProfitGrowth_h.pdf, id=513, 397.485pt x 289.08pt
>
File: ../Output/HU/IPO_YearMinusIPO_ProfitGrowth_h.pdf Graphic file (type pdf)
<use ../Output/HU/IPO_YearMinusIPO_ProfitGrowth_h.pdf>
Package pdftex.def Info: ../Output/HU/IPO_YearMinusIPO_ProfitGrowth_h.pdf  used
 on input line 620.
(pdftex.def)             Requested size: 238.49283pt x 173.44933pt.

Overfull \hbox (8.3103pt too wide) in paragraph at lines 620--621
 [][] 
 []

[16 <D:/Users/Emmanuel/Dropbox/Shared-Folder_Baxter-Emmanuel/RA-Work/Orbis/Outp
ut/IT/IPO_YearMinusIPO_ProfitGrowth_h.pdf> <D:/Users/Emmanuel/Dropbox/Shared-Fo
lder_Baxter-Emmanuel/RA-Work/Orbis/Output/CZ/IPO_YearMinusIPO_ProfitGrowth_h.pd
f> <D:/Users/Emmanuel/Dropbox/Shared-Folder_Baxter-Emmanuel/RA-Work/Orbis/Outpu
t/FR/IPO_YearMinusIPO_ProfitGrowth_h.pdf> <D:/Users/Emmanuel/Dropbox/Shared-Fol
der_Baxter-Emmanuel/RA-Work/Orbis/Output/HU/IPO_YearMinusIPO_ProfitGrowth_h.pdf
>] Excluding 'comment' comment.

pdfTeX warning: pdflatex (file D:/Users/Emmanuel/Dropbox/Shared-Folder_Baxter-E
mmanuel/RA-Work/Orbis/Output/IT/Distribution_Firm-YearbyAge.pdf): PDF inclusion
: found PDF version <1.6>, but at most version <1.5> allowed
<../Output/IT/Distribution_Firm-YearbyAge.pdf, id=560, 397.485pt x 289.08pt>
File: ../Output/IT/Distribution_Firm-YearbyAge.pdf Graphic file (type pdf)
<use ../Output/IT/Distribution_Firm-YearbyAge.pdf>
Package pdftex.def Info: ../Output/IT/Distribution_Firm-YearbyAge.pdf  used on 
input line 960.
(pdftex.def)             Requested size: 238.49283pt x 173.44933pt.

Overfull \hbox (8.3103pt too wide) in paragraph at lines 960--961
 [][] 
 []



pdfTeX warning: pdflatex (file D:/Users/Emmanuel/Dropbox/Shared-Folder_Baxter-E
mmanuel/RA-Work/Orbis/Output/CZ/Distribution_Firm-YearbyAge.pdf): PDF inclusion
: found PDF version <1.6>, but at most version <1.5> allowed
<../Output/CZ/Distribution_Firm-YearbyAge.pdf, id=561, 397.485pt x 289.08pt>
File: ../Output/CZ/Distribution_Firm-YearbyAge.pdf Graphic file (type pdf)
<use ../Output/CZ/Distribution_Firm-YearbyAge.pdf>
Package pdftex.def Info: ../Output/CZ/Distribution_Firm-YearbyAge.pdf  used on 
input line 965.
(pdftex.def)             Requested size: 238.49283pt x 173.44933pt.

Overfull \hbox (8.3103pt too wide) in paragraph at lines 965--966
 [][] 
 []



pdfTeX warning: pdflatex (file D:/Users/Emmanuel/Dropbox/Shared-Folder_Baxter-E
mmanuel/RA-Work/Orbis/Output/FR/Distribution_Firm-YearbyAge.pdf): PDF inclusion
: found PDF version <1.6>, but at most version <1.5> allowed
<../Output/FR/Distribution_Firm-YearbyAge.pdf, id=562, 397.485pt x 289.08pt>
File: ../Output/FR/Distribution_Firm-YearbyAge.pdf Graphic file (type pdf)
<use ../Output/FR/Distribution_Firm-YearbyAge.pdf>
Package pdftex.def Info: ../Output/FR/Distribution_Firm-YearbyAge.pdf  used on 
input line 970.
(pdftex.def)             Requested size: 238.49283pt x 173.44933pt.

Overfull \hbox (8.3103pt too wide) in paragraph at lines 970--971
 [][] 
 []



pdfTeX warning: pdflatex (file D:/Users/Emmanuel/Dropbox/Shared-Folder_Baxter-E
mmanuel/RA-Work/Orbis/Output/HU/Distribution_Firm-YearbyAge.pdf): PDF inclusion
: found PDF version <1.6>, but at most version <1.5> allowed
<../Output/HU/Distribution_Firm-YearbyAge.pdf, id=563, 397.485pt x 289.08pt>
File: ../Output/HU/Distribution_Firm-YearbyAge.pdf Graphic file (type pdf)
<use ../Output/HU/Distribution_Firm-YearbyAge.pdf>
Package pdftex.def Info: ../Output/HU/Distribution_Firm-YearbyAge.pdf  used on 
input line 975.
(pdftex.def)             Requested size: 238.49283pt x 173.44933pt.

Overfull \hbox (8.3103pt too wide) in paragraph at lines 975--976
 [][] 
 []

[17 <D:/Users/Emmanuel/Dropbox/Shared-Folder_Baxter-Emmanuel/RA-Work/Orbis/Outp
ut/IT/Distribution_Firm-YearbyAge.pdf> <D:/Users/Emmanuel/Dropbox/Shared-Folder
_Baxter-Emmanuel/RA-Work/Orbis/Output/CZ/Distribution_Firm-YearbyAge.pdf> <D:/U
sers/Emmanuel/Dropbox/Shared-Folder_Baxter-Emmanuel/RA-Work/Orbis/Output/FR/Dis
tribution_Firm-YearbyAge.pdf> <D:/Users/Emmanuel/Dropbox/Shared-Folder_Baxter-E
mmanuel/RA-Work/Orbis/Output/HU/Distribution_Firm-YearbyAge.pdf>]

pdfTeX warning: pdflatex (file D:/Users/Emmanuel/Dropbox/Shared-Folder_Baxter-E
mmanuel/RA-Work/Orbis/Output/IT/Lifecycle_Assets.pdf): PDF inclusion: found PDF
 version <1.6>, but at most version <1.5> allowed
<../Output/IT/Lifecycle_Assets.pdf, id=610, 397.485pt x 289.08pt>
File: ../Output/IT/Lifecycle_Assets.pdf Graphic file (type pdf)
<use ../Output/IT/Lifecycle_Assets.pdf>
Package pdftex.def Info: ../Output/IT/Lifecycle_Assets.pdf  used on input line 
988.
(pdftex.def)             Requested size: 238.49283pt x 173.44933pt.

Overfull \hbox (8.3103pt too wide) in paragraph at lines 988--989
 [][] 
 []



pdfTeX warning: pdflatex (file D:/Users/Emmanuel/Dropbox/Shared-Folder_Baxter-E
mmanuel/RA-Work/Orbis/Output/CZ/Lifecycle_Assets.pdf): PDF inclusion: found PDF
 version <1.6>, but at most version <1.5> allowed
<../Output/CZ/Lifecycle_Assets.pdf, id=611, 397.485pt x 289.08pt>
File: ../Output/CZ/Lifecycle_Assets.pdf Graphic file (type pdf)
<use ../Output/CZ/Lifecycle_Assets.pdf>
Package pdftex.def Info: ../Output/CZ/Lifecycle_Assets.pdf  used on input line 
993.
(pdftex.def)             Requested size: 238.49283pt x 173.44933pt.

Overfull \hbox (8.3103pt too wide) in paragraph at lines 993--994
 [][] 
 []



pdfTeX warning: pdflatex (file D:/Users/Emmanuel/Dropbox/Shared-Folder_Baxter-E
mmanuel/RA-Work/Orbis/Output/FR/Lifecycle_Assets.pdf): PDF inclusion: found PDF
 version <1.6>, but at most version <1.5> allowed
<../Output/FR/Lifecycle_Assets.pdf, id=612, 397.485pt x 289.08pt>
File: ../Output/FR/Lifecycle_Assets.pdf Graphic file (type pdf)
<use ../Output/FR/Lifecycle_Assets.pdf>
Package pdftex.def Info: ../Output/FR/Lifecycle_Assets.pdf  used on input line 
998.
(pdftex.def)             Requested size: 238.49283pt x 173.44933pt.

Overfull \hbox (8.3103pt too wide) in paragraph at lines 998--999
 [][] 
 []



pdfTeX warning: pdflatex (file D:/Users/Emmanuel/Dropbox/Shared-Folder_Baxter-E
mmanuel/RA-Work/Orbis/Output/HU/Lifecycle_Assets.pdf): PDF inclusion: found PDF
 version <1.6>, but at most version <1.5> allowed
<../Output/HU/Lifecycle_Assets.pdf, id=613, 397.485pt x 289.08pt>
File: ../Output/HU/Lifecycle_Assets.pdf Graphic file (type pdf)
<use ../Output/HU/Lifecycle_Assets.pdf>
Package pdftex.def Info: ../Output/HU/Lifecycle_Assets.pdf  used on input line 
1003.
(pdftex.def)             Requested size: 238.49283pt x 173.44933pt.

Overfull \hbox (8.3103pt too wide) in paragraph at lines 1003--1004
 [][] 
 []

[18 <D:/Users/Emmanuel/Dropbox/Shared-Folder_Baxter-Emmanuel/RA-Work/Orbis/Outp
ut/IT/Lifecycle_Assets.pdf> <D:/Users/Emmanuel/Dropbox/Shared-Folder_Baxter-Emm
anuel/RA-Work/Orbis/Output/CZ/Lifecycle_Assets.pdf> <D:/Users/Emmanuel/Dropbox/
Shared-Folder_Baxter-Emmanuel/RA-Work/Orbis/Output/FR/Lifecycle_Assets.pdf> <D:
/Users/Emmanuel/Dropbox/Shared-Folder_Baxter-Emmanuel/RA-Work/Orbis/Output/HU/L
ifecycle_Assets.pdf>]

pdfTeX warning: pdflatex (file D:/Users/Emmanuel/Dropbox/Shared-Folder_Baxter-E
mmanuel/RA-Work/Orbis/Output/IT/Lifecycle_Employment.pdf): PDF inclusion: found
 PDF version <1.6>, but at most version <1.5> allowed
<../Output/IT/Lifecycle_Employment.pdf, id=660, 397.485pt x 289.08pt>
File: ../Output/IT/Lifecycle_Employment.pdf Graphic file (type pdf)
<use ../Output/IT/Lifecycle_Employment.pdf>
Package pdftex.def Info: ../Output/IT/Lifecycle_Employment.pdf  used on input l
ine 1014.
(pdftex.def)             Requested size: 238.49283pt x 173.44933pt.

Overfull \hbox (8.3103pt too wide) in paragraph at lines 1014--1015
 [][] 
 []



pdfTeX warning: pdflatex (file D:/Users/Emmanuel/Dropbox/Shared-Folder_Baxter-E
mmanuel/RA-Work/Orbis/Output/CZ/Lifecycle_Employment.pdf): PDF inclusion: found
 PDF version <1.6>, but at most version <1.5> allowed
<../Output/CZ/Lifecycle_Employment.pdf, id=661, 397.485pt x 289.08pt>
File: ../Output/CZ/Lifecycle_Employment.pdf Graphic file (type pdf)
<use ../Output/CZ/Lifecycle_Employment.pdf>
Package pdftex.def Info: ../Output/CZ/Lifecycle_Employment.pdf  used on input l
ine 1019.
(pdftex.def)             Requested size: 238.49283pt x 173.44933pt.

Overfull \hbox (8.3103pt too wide) in paragraph at lines 1019--1020
 [][] 
 []



pdfTeX warning: pdflatex (file D:/Users/Emmanuel/Dropbox/Shared-Folder_Baxter-E
mmanuel/RA-Work/Orbis/Output/FR/Lifecycle_Employment.pdf): PDF inclusion: found
 PDF version <1.6>, but at most version <1.5> allowed
<../Output/FR/Lifecycle_Employment.pdf, id=662, 397.485pt x 289.08pt>
File: ../Output/FR/Lifecycle_Employment.pdf Graphic file (type pdf)
<use ../Output/FR/Lifecycle_Employment.pdf>
Package pdftex.def Info: ../Output/FR/Lifecycle_Employment.pdf  used on input l
ine 1024.
(pdftex.def)             Requested size: 238.49283pt x 173.44933pt.

Overfull \hbox (8.3103pt too wide) in paragraph at lines 1024--1025
 [][] 
 []



pdfTeX warning: pdflatex (file D:/Users/Emmanuel/Dropbox/Shared-Folder_Baxter-E
mmanuel/RA-Work/Orbis/Output/HU/Lifecycle_Employment.pdf): PDF inclusion: found
 PDF version <1.6>, but at most version <1.5> allowed
<../Output/HU/Lifecycle_Employment.pdf, id=663, 397.485pt x 289.08pt>
File: ../Output/HU/Lifecycle_Employment.pdf Graphic file (type pdf)
<use ../Output/HU/Lifecycle_Employment.pdf>
Package pdftex.def Info: ../Output/HU/Lifecycle_Employment.pdf  used on input l
ine 1029.
(pdftex.def)             Requested size: 238.49283pt x 173.44933pt.

Overfull \hbox (8.3103pt too wide) in paragraph at lines 1029--1030
 [][] 
 []

[19 <D:/Users/Emmanuel/Dropbox/Shared-Folder_Baxter-Emmanuel/RA-Work/Orbis/Outp
ut/IT/Lifecycle_Employment.pdf> <D:/Users/Emmanuel/Dropbox/Shared-Folder_Baxter
-Emmanuel/RA-Work/Orbis/Output/CZ/Lifecycle_Employment.pdf> <D:/Users/Emmanuel/
Dropbox/Shared-Folder_Baxter-Emmanuel/RA-Work/Orbis/Output/FR/Lifecycle_Employm
ent.pdf> <D:/Users/Emmanuel/Dropbox/Shared-Folder_Baxter-Emmanuel/RA-Work/Orbis
/Output/HU/Lifecycle_Employment.pdf>]

pdfTeX warning: pdflatex (file D:/Users/Emmanuel/Dropbox/Shared-Folder_Baxter-E
mmanuel/RA-Work/Orbis/Output/IT/Lifecycle_GrossProfits.pdf): PDF inclusion: fou
nd PDF version <1.6>, but at most version <1.5> allowed
<../Output/IT/Lifecycle_GrossProfits.pdf, id=710, 397.485pt x 289.08pt>
File: ../Output/IT/Lifecycle_GrossProfits.pdf Graphic file (type pdf)
<use ../Output/IT/Lifecycle_GrossProfits.pdf>
Package pdftex.def Info: ../Output/IT/Lifecycle_GrossProfits.pdf  used on input
 line 1040.
(pdftex.def)             Requested size: 238.49283pt x 173.44933pt.

Overfull \hbox (8.3103pt too wide) in paragraph at lines 1040--1041
 [][] 
 []



pdfTeX warning: pdflatex (file D:/Users/Emmanuel/Dropbox/Shared-Folder_Baxter-E
mmanuel/RA-Work/Orbis/Output/CZ/Lifecycle_GrossProfits.pdf): PDF inclusion: fou
nd PDF version <1.6>, but at most version <1.5> allowed
<../Output/CZ/Lifecycle_GrossProfits.pdf, id=711, 397.485pt x 289.08pt>
File: ../Output/CZ/Lifecycle_GrossProfits.pdf Graphic file (type pdf)
<use ../Output/CZ/Lifecycle_GrossProfits.pdf>
Package pdftex.def Info: ../Output/CZ/Lifecycle_GrossProfits.pdf  used on input
 line 1045.
(pdftex.def)             Requested size: 238.49283pt x 173.44933pt.

Overfull \hbox (8.3103pt too wide) in paragraph at lines 1045--1046
 [][] 
 []



pdfTeX warning: pdflatex (file D:/Users/Emmanuel/Dropbox/Shared-Folder_Baxter-E
mmanuel/RA-Work/Orbis/Output/FR/Lifecycle_GrossProfits.pdf): PDF inclusion: fou
nd PDF version <1.6>, but at most version <1.5> allowed
<../Output/FR/Lifecycle_GrossProfits.pdf, id=712, 397.485pt x 289.08pt>
File: ../Output/FR/Lifecycle_GrossProfits.pdf Graphic file (type pdf)
<use ../Output/FR/Lifecycle_GrossProfits.pdf>
Package pdftex.def Info: ../Output/FR/Lifecycle_GrossProfits.pdf  used on input
 line 1050.
(pdftex.def)             Requested size: 238.49283pt x 173.44933pt.

Overfull \hbox (8.3103pt too wide) in paragraph at lines 1050--1051
 [][] 
 []



pdfTeX warning: pdflatex (file D:/Users/Emmanuel/Dropbox/Shared-Folder_Baxter-E
mmanuel/RA-Work/Orbis/Output/HU/Lifecycle_GrossProfits.pdf): PDF inclusion: fou
nd PDF version <1.6>, but at most version <1.5> allowed
<../Output/HU/Lifecycle_GrossProfits.pdf, id=713, 397.485pt x 289.08pt>
File: ../Output/HU/Lifecycle_GrossProfits.pdf Graphic file (type pdf)
<use ../Output/HU/Lifecycle_GrossProfits.pdf>
Package pdftex.def Info: ../Output/HU/Lifecycle_GrossProfits.pdf  used on input
 line 1055.
(pdftex.def)             Requested size: 238.49283pt x 173.44933pt.

Overfull \hbox (8.3103pt too wide) in paragraph at lines 1055--1056
 [][] 
 []

[20 <D:/Users/Emmanuel/Dropbox/Shared-Folder_Baxter-Emmanuel/RA-Work/Orbis/Outp
ut/IT/Lifecycle_GrossProfits.pdf> <D:/Users/Emmanuel/Dropbox/Shared-Folder_Baxt
er-Emmanuel/RA-Work/Orbis/Output/CZ/Lifecycle_GrossProfits.pdf> <D:/Users/Emman
uel/Dropbox/Shared-Folder_Baxter-Emmanuel/RA-Work/Orbis/Output/FR/Lifecycle_Gro
ssProfits.pdf> <D:/Users/Emmanuel/Dropbox/Shared-Folder_Baxter-Emmanuel/RA-Work
/Orbis/Output/HU/Lifecycle_GrossProfits.pdf>]

pdfTeX warning: pdflatex (file D:/Users/Emmanuel/Dropbox/Shared-Folder_Baxter-E
mmanuel/RA-Work/Orbis/Output/IT/Lifecycle_nFirms.pdf): PDF inclusion: found PDF
 version <1.6>, but at most version <1.5> allowed
<../Output/IT/Lifecycle_nFirms.pdf, id=759, 397.485pt x 289.08pt>
File: ../Output/IT/Lifecycle_nFirms.pdf Graphic file (type pdf)
<use ../Output/IT/Lifecycle_nFirms.pdf>
Package pdftex.def Info: ../Output/IT/Lifecycle_nFirms.pdf  used on input line 
1066.
(pdftex.def)             Requested size: 238.49283pt x 173.44933pt.

Overfull \hbox (8.3103pt too wide) in paragraph at lines 1066--1067
 [][] 
 []



pdfTeX warning: pdflatex (file D:/Users/Emmanuel/Dropbox/Shared-Folder_Baxter-E
mmanuel/RA-Work/Orbis/Output/CZ/Lifecycle_nFirms.pdf): PDF inclusion: found PDF
 version <1.6>, but at most version <1.5> allowed
<../Output/CZ/Lifecycle_nFirms.pdf, id=760, 397.485pt x 289.08pt>
File: ../Output/CZ/Lifecycle_nFirms.pdf Graphic file (type pdf)
<use ../Output/CZ/Lifecycle_nFirms.pdf>
Package pdftex.def Info: ../Output/CZ/Lifecycle_nFirms.pdf  used on input line 
1071.
(pdftex.def)             Requested size: 238.49283pt x 173.44933pt.

Overfull \hbox (8.3103pt too wide) in paragraph at lines 1071--1072
 [][] 
 []



pdfTeX warning: pdflatex (file D:/Users/Emmanuel/Dropbox/Shared-Folder_Baxter-E
mmanuel/RA-Work/Orbis/Output/FR/Lifecycle_nFirms.pdf): PDF inclusion: found PDF
 version <1.6>, but at most version <1.5> allowed
<../Output/FR/Lifecycle_nFirms.pdf, id=761, 397.485pt x 289.08pt>
File: ../Output/FR/Lifecycle_nFirms.pdf Graphic file (type pdf)
<use ../Output/FR/Lifecycle_nFirms.pdf>
Package pdftex.def Info: ../Output/FR/Lifecycle_nFirms.pdf  used on input line 
1076.
(pdftex.def)             Requested size: 238.49283pt x 173.44933pt.

Overfull \hbox (8.3103pt too wide) in paragraph at lines 1076--1077
 [][] 
 []



pdfTeX warning: pdflatex (file D:/Users/Emmanuel/Dropbox/Shared-Folder_Baxter-E
mmanuel/RA-Work/Orbis/Output/HU/Lifecycle_nFirms.pdf): PDF inclusion: found PDF
 version <1.6>, but at most version <1.5> allowed
<../Output/HU/Lifecycle_nFirms.pdf, id=762, 397.485pt x 289.08pt>
File: ../Output/HU/Lifecycle_nFirms.pdf Graphic file (type pdf)
<use ../Output/HU/Lifecycle_nFirms.pdf>
Package pdftex.def Info: ../Output/HU/Lifecycle_nFirms.pdf  used on input line 
1081.
(pdftex.def)             Requested size: 238.49283pt x 173.44933pt.

Overfull \hbox (8.3103pt too wide) in paragraph at lines 1081--1082
 [][] 
 []

[21 <D:/Users/Emmanuel/Dropbox/Shared-Folder_Baxter-Emmanuel/RA-Work/Orbis/Outp
ut/IT/Lifecycle_nFirms.pdf> <D:/Users/Emmanuel/Dropbox/Shared-Folder_Baxter-Emm
anuel/RA-Work/Orbis/Output/CZ/Lifecycle_nFirms.pdf> <D:/Users/Emmanuel/Dropbox/
Shared-Folder_Baxter-Emmanuel/RA-Work/Orbis/Output/FR/Lifecycle_nFirms.pdf> <D:
/Users/Emmanuel/Dropbox/Shared-Folder_Baxter-Emmanuel/RA-Work/Orbis/Output/HU/L
ifecycle_nFirms.pdf>]

pdfTeX warning: pdflatex (file D:/Users/Emmanuel/Dropbox/Shared-Folder_Baxter-E
mmanuel/RA-Work/Orbis/Output/IT/Lifecycle_nShareholders.pdf): PDF inclusion: fo
und PDF version <1.6>, but at most version <1.5> allowed
<../Output/IT/Lifecycle_nShareholders.pdf, id=808, 397.485pt x 289.08pt>
File: ../Output/IT/Lifecycle_nShareholders.pdf Graphic file (type pdf)
<use ../Output/IT/Lifecycle_nShareholders.pdf>
Package pdftex.def Info: ../Output/IT/Lifecycle_nShareholders.pdf  used on inpu
t line 1092.
(pdftex.def)             Requested size: 238.49283pt x 173.44933pt.

Overfull \hbox (8.3103pt too wide) in paragraph at lines 1092--1093
 [][] 
 []



pdfTeX warning: pdflatex (file D:/Users/Emmanuel/Dropbox/Shared-Folder_Baxter-E
mmanuel/RA-Work/Orbis/Output/CZ/Lifecycle_nShareholders.pdf): PDF inclusion: fo
und PDF version <1.6>, but at most version <1.5> allowed
<../Output/CZ/Lifecycle_nShareholders.pdf, id=809, 397.485pt x 289.08pt>
File: ../Output/CZ/Lifecycle_nShareholders.pdf Graphic file (type pdf)
<use ../Output/CZ/Lifecycle_nShareholders.pdf>
Package pdftex.def Info: ../Output/CZ/Lifecycle_nShareholders.pdf  used on inpu
t line 1097.
(pdftex.def)             Requested size: 238.49283pt x 173.44933pt.

Overfull \hbox (8.3103pt too wide) in paragraph at lines 1097--1098
 [][] 
 []



pdfTeX warning: pdflatex (file D:/Users/Emmanuel/Dropbox/Shared-Folder_Baxter-E
mmanuel/RA-Work/Orbis/Output/FR/Lifecycle_nShareholders.pdf): PDF inclusion: fo
und PDF version <1.6>, but at most version <1.5> allowed
<../Output/FR/Lifecycle_nShareholders.pdf, id=810, 397.485pt x 289.08pt>
File: ../Output/FR/Lifecycle_nShareholders.pdf Graphic file (type pdf)
<use ../Output/FR/Lifecycle_nShareholders.pdf>
Package pdftex.def Info: ../Output/FR/Lifecycle_nShareholders.pdf  used on inpu
t line 1102.
(pdftex.def)             Requested size: 238.49283pt x 173.44933pt.

Overfull \hbox (8.3103pt too wide) in paragraph at lines 1102--1103
 [][] 
 []



pdfTeX warning: pdflatex (file D:/Users/Emmanuel/Dropbox/Shared-Folder_Baxter-E
mmanuel/RA-Work/Orbis/Output/HU/Lifecycle_nShareholders.pdf): PDF inclusion: fo
und PDF version <1.6>, but at most version <1.5> allowed
<../Output/HU/Lifecycle_nShareholders.pdf, id=811, 397.485pt x 289.08pt>
File: ../Output/HU/Lifecycle_nShareholders.pdf Graphic file (type pdf)
<use ../Output/HU/Lifecycle_nShareholders.pdf>
Package pdftex.def Info: ../Output/HU/Lifecycle_nShareholders.pdf  used on inpu
t line 1107.
(pdftex.def)             Requested size: 238.49283pt x 173.44933pt.

Overfull \hbox (8.3103pt too wide) in paragraph at lines 1107--1108
 [][] 
 []

[22 <D:/Users/Emmanuel/Dropbox/Shared-Folder_Baxter-Emmanuel/RA-Work/Orbis/Outp
ut/IT/Lifecycle_nShareholders.pdf> <D:/Users/Emmanuel/Dropbox/Shared-Folder_Bax
ter-Emmanuel/RA-Work/Orbis/Output/CZ/Lifecycle_nShareholders.pdf> <D:/Users/Emm
anuel/Dropbox/Shared-Folder_Baxter-Emmanuel/RA-Work/Orbis/Output/FR/Lifecycle_n
Shareholders.pdf> <D:/Users/Emmanuel/Dropbox/Shared-Folder_Baxter-Emmanuel/RA-W
ork/Orbis/Output/HU/Lifecycle_nShareholders.pdf>]

pdfTeX warning: pdflatex (file D:/Users/Emmanuel/Dropbox/Shared-Folder_Baxter-E
mmanuel/RA-Work/Orbis/Output/IT/Lifecycle_Public.pdf): PDF inclusion: found PDF
 version <1.6>, but at most version <1.5> allowed
<../Output/IT/Lifecycle_Public.pdf, id=857, 397.485pt x 289.08pt>
File: ../Output/IT/Lifecycle_Public.pdf Graphic file (type pdf)
<use ../Output/IT/Lifecycle_Public.pdf>
Package pdftex.def Info: ../Output/IT/Lifecycle_Public.pdf  used on input line 
1118.
(pdftex.def)             Requested size: 238.49283pt x 173.44933pt.

Overfull \hbox (8.3103pt too wide) in paragraph at lines 1118--1119
 [][] 
 []



pdfTeX warning: pdflatex (file D:/Users/Emmanuel/Dropbox/Shared-Folder_Baxter-E
mmanuel/RA-Work/Orbis/Output/CZ/Lifecycle_Public.pdf): PDF inclusion: found PDF
 version <1.6>, but at most version <1.5> allowed
<../Output/CZ/Lifecycle_Public.pdf, id=858, 397.485pt x 289.08pt>
File: ../Output/CZ/Lifecycle_Public.pdf Graphic file (type pdf)
<use ../Output/CZ/Lifecycle_Public.pdf>
Package pdftex.def Info: ../Output/CZ/Lifecycle_Public.pdf  used on input line 
1123.
(pdftex.def)             Requested size: 238.49283pt x 173.44933pt.

Overfull \hbox (8.3103pt too wide) in paragraph at lines 1123--1124
 [][] 
 []



pdfTeX warning: pdflatex (file D:/Users/Emmanuel/Dropbox/Shared-Folder_Baxter-E
mmanuel/RA-Work/Orbis/Output/FR/Lifecycle_Public.pdf): PDF inclusion: found PDF
 version <1.6>, but at most version <1.5> allowed
<../Output/FR/Lifecycle_Public.pdf, id=859, 397.485pt x 289.08pt>
File: ../Output/FR/Lifecycle_Public.pdf Graphic file (type pdf)
<use ../Output/FR/Lifecycle_Public.pdf>
Package pdftex.def Info: ../Output/FR/Lifecycle_Public.pdf  used on input line 
1128.
(pdftex.def)             Requested size: 238.49283pt x 173.44933pt.

Overfull \hbox (8.3103pt too wide) in paragraph at lines 1128--1129
 [][] 
 []



pdfTeX warning: pdflatex (file D:/Users/Emmanuel/Dropbox/Shared-Folder_Baxter-E
mmanuel/RA-Work/Orbis/Output/HU/Lifecycle_Public.pdf): PDF inclusion: found PDF
 version <1.6>, but at most version <1.5> allowed
<../Output/HU/Lifecycle_Public.pdf, id=860, 397.485pt x 289.08pt>
File: ../Output/HU/Lifecycle_Public.pdf Graphic file (type pdf)
<use ../Output/HU/Lifecycle_Public.pdf>
Package pdftex.def Info: ../Output/HU/Lifecycle_Public.pdf  used on input line 
1133.
(pdftex.def)             Requested size: 238.49283pt x 173.44933pt.

Overfull \hbox (8.3103pt too wide) in paragraph at lines 1133--1134
 [][] 
 []

[23 <D:/Users/Emmanuel/Dropbox/Shared-Folder_Baxter-Emmanuel/RA-Work/Orbis/Outp
ut/IT/Lifecycle_Public.pdf> <D:/Users/Emmanuel/Dropbox/Shared-Folder_Baxter-Emm
anuel/RA-Work/Orbis/Output/CZ/Lifecycle_Public.pdf> <D:/Users/Emmanuel/Dropbox/
Shared-Folder_Baxter-Emmanuel/RA-Work/Orbis/Output/FR/Lifecycle_Public.pdf> <D:
/Users/Emmanuel/Dropbox/Shared-Folder_Baxter-Emmanuel/RA-Work/Orbis/Output/HU/L
ifecycle_Public.pdf>]

pdfTeX warning: pdflatex (file D:/Users/Emmanuel/Dropbox/Shared-Folder_Baxter-E
mmanuel/RA-Work/Orbis/Output/IT/Lifecycle_Revenue_Costs.pdf): PDF inclusion: fo
und PDF version <1.6>, but at most version <1.5> allowed
<../Output/IT/Lifecycle_Revenue_Costs.pdf, id=906, 397.485pt x 289.08pt>
File: ../Output/IT/Lifecycle_Revenue_Costs.pdf Graphic file (type pdf)
<use ../Output/IT/Lifecycle_Revenue_Costs.pdf>
Package pdftex.def Info: ../Output/IT/Lifecycle_Revenue_Costs.pdf  used on inpu
t line 1144.
(pdftex.def)             Requested size: 238.49283pt x 173.44933pt.

Overfull \hbox (8.3103pt too wide) in paragraph at lines 1144--1145
 [][] 
 []



pdfTeX warning: pdflatex (file D:/Users/Emmanuel/Dropbox/Shared-Folder_Baxter-E
mmanuel/RA-Work/Orbis/Output/CZ/Lifecycle_Revenue_Costs.pdf): PDF inclusion: fo
und PDF version <1.6>, but at most version <1.5> allowed
<../Output/CZ/Lifecycle_Revenue_Costs.pdf, id=907, 397.485pt x 289.08pt>
File: ../Output/CZ/Lifecycle_Revenue_Costs.pdf Graphic file (type pdf)
<use ../Output/CZ/Lifecycle_Revenue_Costs.pdf>
Package pdftex.def Info: ../Output/CZ/Lifecycle_Revenue_Costs.pdf  used on inpu
t line 1149.
(pdftex.def)             Requested size: 238.49283pt x 173.44933pt.

Overfull \hbox (8.3103pt too wide) in paragraph at lines 1149--1150
 [][] 
 []



pdfTeX warning: pdflatex (file D:/Users/Emmanuel/Dropbox/Shared-Folder_Baxter-E
mmanuel/RA-Work/Orbis/Output/FR/Lifecycle_Revenue_Costs.pdf): PDF inclusion: fo
und PDF version <1.6>, but at most version <1.5> allowed
<../Output/FR/Lifecycle_Revenue_Costs.pdf, id=908, 397.485pt x 289.08pt>
File: ../Output/FR/Lifecycle_Revenue_Costs.pdf Graphic file (type pdf)
<use ../Output/FR/Lifecycle_Revenue_Costs.pdf>
Package pdftex.def Info: ../Output/FR/Lifecycle_Revenue_Costs.pdf  used on inpu
t line 1154.
(pdftex.def)             Requested size: 238.49283pt x 173.44933pt.

Overfull \hbox (8.3103pt too wide) in paragraph at lines 1154--1155
 [][] 
 []



pdfTeX warning: pdflatex (file D:/Users/Emmanuel/Dropbox/Shared-Folder_Baxter-E
mmanuel/RA-Work/Orbis/Output/HU/Lifecycle_Revenue_Costs.pdf): PDF inclusion: fo
und PDF version <1.6>, but at most version <1.5> allowed
<../Output/HU/Lifecycle_Revenue_Costs.pdf, id=909, 397.485pt x 289.08pt>
File: ../Output/HU/Lifecycle_Revenue_Costs.pdf Graphic file (type pdf)
<use ../Output/HU/Lifecycle_Revenue_Costs.pdf>
Package pdftex.def Info: ../Output/HU/Lifecycle_Revenue_Costs.pdf  used on inpu
t line 1159.
(pdftex.def)             Requested size: 238.49283pt x 173.44933pt.

Overfull \hbox (8.3103pt too wide) in paragraph at lines 1159--1160
 [][] 
 []

[24 <D:/Users/Emmanuel/Dropbox/Shared-Folder_Baxter-Emmanuel/RA-Work/Orbis/Outp
ut/IT/Lifecycle_Revenue_Costs.pdf> <D:/Users/Emmanuel/Dropbox/Shared-Folder_Bax
ter-Emmanuel/RA-Work/Orbis/Output/CZ/Lifecycle_Revenue_Costs.pdf> <D:/Users/Emm
anuel/Dropbox/Shared-Folder_Baxter-Emmanuel/RA-Work/Orbis/Output/FR/Lifecycle_R
evenue_Costs.pdf> <D:/Users/Emmanuel/Dropbox/Shared-Folder_Baxter-Emmanuel/RA-W
ork/Orbis/Output/HU/Lifecycle_Revenue_Costs.pdf>]

pdfTeX warning: pdflatex (file D:/Users/Emmanuel/Dropbox/Shared-Folder_Baxter-E
mmanuel/RA-Work/Orbis/Output/IT/Lifecycle_Revenue_Sales.pdf): PDF inclusion: fo
und PDF version <1.6>, but at most version <1.5> allowed
<../Output/IT/Lifecycle_Revenue_Sales.pdf, id=955, 397.485pt x 289.08pt>
File: ../Output/IT/Lifecycle_Revenue_Sales.pdf Graphic file (type pdf)
<use ../Output/IT/Lifecycle_Revenue_Sales.pdf>
Package pdftex.def Info: ../Output/IT/Lifecycle_Revenue_Sales.pdf  used on inpu
t line 1170.
(pdftex.def)             Requested size: 238.49283pt x 173.44933pt.

Overfull \hbox (8.3103pt too wide) in paragraph at lines 1170--1171
 [][] 
 []



pdfTeX warning: pdflatex (file D:/Users/Emmanuel/Dropbox/Shared-Folder_Baxter-E
mmanuel/RA-Work/Orbis/Output/CZ/Lifecycle_Revenue_Sales.pdf): PDF inclusion: fo
und PDF version <1.6>, but at most version <1.5> allowed
<../Output/CZ/Lifecycle_Revenue_Sales.pdf, id=956, 397.485pt x 289.08pt>
File: ../Output/CZ/Lifecycle_Revenue_Sales.pdf Graphic file (type pdf)
<use ../Output/CZ/Lifecycle_Revenue_Sales.pdf>
Package pdftex.def Info: ../Output/CZ/Lifecycle_Revenue_Sales.pdf  used on inpu
t line 1175.
(pdftex.def)             Requested size: 238.49283pt x 173.44933pt.

Overfull \hbox (8.3103pt too wide) in paragraph at lines 1175--1176
 [][] 
 []



pdfTeX warning: pdflatex (file D:/Users/Emmanuel/Dropbox/Shared-Folder_Baxter-E
mmanuel/RA-Work/Orbis/Output/FR/Lifecycle_Revenue_Sales.pdf): PDF inclusion: fo
und PDF version <1.6>, but at most version <1.5> allowed
<../Output/FR/Lifecycle_Revenue_Sales.pdf, id=957, 397.485pt x 289.08pt>
File: ../Output/FR/Lifecycle_Revenue_Sales.pdf Graphic file (type pdf)
<use ../Output/FR/Lifecycle_Revenue_Sales.pdf>
Package pdftex.def Info: ../Output/FR/Lifecycle_Revenue_Sales.pdf  used on inpu
t line 1180.
(pdftex.def)             Requested size: 238.49283pt x 173.44933pt.

Overfull \hbox (8.3103pt too wide) in paragraph at lines 1180--1181
 [][] 
 []



pdfTeX warning: pdflatex (file D:/Users/Emmanuel/Dropbox/Shared-Folder_Baxter-E
mmanuel/RA-Work/Orbis/Output/HU/Lifecycle_Revenue_Sales.pdf): PDF inclusion: fo
und PDF version <1.6>, but at most version <1.5> allowed
<../Output/HU/Lifecycle_Revenue_Sales.pdf, id=958, 397.485pt x 289.08pt>
File: ../Output/HU/Lifecycle_Revenue_Sales.pdf Graphic file (type pdf)
<use ../Output/HU/Lifecycle_Revenue_Sales.pdf>
Package pdftex.def Info: ../Output/HU/Lifecycle_Revenue_Sales.pdf  used on inpu
t line 1185.
(pdftex.def)             Requested size: 238.49283pt x 173.44933pt.

Overfull \hbox (8.3103pt too wide) in paragraph at lines 1185--1186
 [][] 
 []

[25 <D:/Users/Emmanuel/Dropbox/Shared-Folder_Baxter-Emmanuel/RA-Work/Orbis/Outp
ut/IT/Lifecycle_Revenue_Sales.pdf> <D:/Users/Emmanuel/Dropbox/Shared-Folder_Bax
ter-Emmanuel/RA-Work/Orbis/Output/CZ/Lifecycle_Revenue_Sales.pdf> <D:/Users/Emm
anuel/Dropbox/Shared-Folder_Baxter-Emmanuel/RA-Work/Orbis/Output/FR/Lifecycle_R
evenue_Sales.pdf> <D:/Users/Emmanuel/Dropbox/Shared-Folder_Baxter-Emmanuel/RA-W
ork/Orbis/Output/HU/Lifecycle_Revenue_Sales.pdf>]

pdfTeX warning: pdflatex (file D:/Users/Emmanuel/Dropbox/Shared-Folder_Baxter-E
mmanuel/RA-Work/Orbis/Output/IT/Distribution_Firm-Year.pdf): PDF inclusion: fou
nd PDF version <1.6>, but at most version <1.5> allowed
<../Output/IT/Distribution_Firm-Year.pdf, id=1005, 397.485pt x 289.08pt>
File: ../Output/IT/Distribution_Firm-Year.pdf Graphic file (type pdf)
<use ../Output/IT/Distribution_Firm-Year.pdf>
Package pdftex.def Info: ../Output/IT/Distribution_Firm-Year.pdf  used on input
 line 1198.
(pdftex.def)             Requested size: 238.49283pt x 173.44933pt.

Overfull \hbox (8.3103pt too wide) in paragraph at lines 1198--1199
 [][] 
 []



pdfTeX warning: pdflatex (file D:/Users/Emmanuel/Dropbox/Shared-Folder_Baxter-E
mmanuel/RA-Work/Orbis/Output/CZ/Distribution_Firm-Year.pdf): PDF inclusion: fou
nd PDF version <1.6>, but at most version <1.5> allowed
<../Output/CZ/Distribution_Firm-Year.pdf, id=1006, 397.485pt x 289.08pt>
File: ../Output/CZ/Distribution_Firm-Year.pdf Graphic file (type pdf)
<use ../Output/CZ/Distribution_Firm-Year.pdf>
Package pdftex.def Info: ../Output/CZ/Distribution_Firm-Year.pdf  used on input
 line 1203.
(pdftex.def)             Requested size: 238.49283pt x 173.44933pt.

Overfull \hbox (8.3103pt too wide) in paragraph at lines 1203--1204
 [][] 
 []



pdfTeX warning: pdflatex (file D:/Users/Emmanuel/Dropbox/Shared-Folder_Baxter-E
mmanuel/RA-Work/Orbis/Output/FR/Distribution_Firm-Year.pdf): PDF inclusion: fou
nd PDF version <1.6>, but at most version <1.5> allowed
<../Output/FR/Distribution_Firm-Year.pdf, id=1007, 397.485pt x 289.08pt>
File: ../Output/FR/Distribution_Firm-Year.pdf Graphic file (type pdf)
<use ../Output/FR/Distribution_Firm-Year.pdf>
Package pdftex.def Info: ../Output/FR/Distribution_Firm-Year.pdf  used on input
 line 1208.
(pdftex.def)             Requested size: 238.49283pt x 173.44933pt.

Overfull \hbox (8.3103pt too wide) in paragraph at lines 1208--1209
 [][] 
 []



pdfTeX warning: pdflatex (file D:/Users/Emmanuel/Dropbox/Shared-Folder_Baxter-E
mmanuel/RA-Work/Orbis/Output/HU/Distribution_Firm-Year.pdf): PDF inclusion: fou
nd PDF version <1.6>, but at most version <1.5> allowed
<../Output/HU/Distribution_Firm-Year.pdf, id=1008, 397.485pt x 289.08pt>
File: ../Output/HU/Distribution_Firm-Year.pdf Graphic file (type pdf)
<use ../Output/HU/Distribution_Firm-Year.pdf>
Package pdftex.def Info: ../Output/HU/Distribution_Firm-Year.pdf  used on input
 line 1213.
(pdftex.def)             Requested size: 238.49283pt x 173.44933pt.

Overfull \hbox (8.3103pt too wide) in paragraph at lines 1213--1214
 [][] 
 []

[26 <D:/Users/Emmanuel/Dropbox/Shared-Folder_Baxter-Emmanuel/RA-Work/Orbis/Outp
ut/IT/Distribution_Firm-Year.pdf> <D:/Users/Emmanuel/Dropbox/Shared-Folder_Baxt
er-Emmanuel/RA-Work/Orbis/Output/CZ/Distribution_Firm-Year.pdf> <D:/Users/Emman
uel/Dropbox/Shared-Folder_Baxter-Emmanuel/RA-Work/Orbis/Output/FR/Distribution_
Firm-Year.pdf> <D:/Users/Emmanuel/Dropbox/Shared-Folder_Baxter-Emmanuel/RA-Work
/Orbis/Output/HU/Distribution_Firm-Year.pdf>]

pdfTeX warning: pdflatex (file D:/Users/Emmanuel/Dropbox/Shared-Folder_Baxter-E
mmanuel/RA-Work/Orbis/Output/IT/Distribution_Firm-Age.pdf): PDF inclusion: foun
d PDF version <1.6>, but at most version <1.5> allowed
<../Output/IT/Distribution_Firm-Age.pdf, id=1055, 397.485pt x 289.08pt>
File: ../Output/IT/Distribution_Firm-Age.pdf Graphic file (type pdf)
<use ../Output/IT/Distribution_Firm-Age.pdf>
Package pdftex.def Info: ../Output/IT/Distribution_Firm-Age.pdf  used on input 
line 1224.
(pdftex.def)             Requested size: 238.49283pt x 173.44933pt.

Overfull \hbox (8.3103pt too wide) in paragraph at lines 1224--1225
 [][] 
 []



pdfTeX warning: pdflatex (file D:/Users/Emmanuel/Dropbox/Shared-Folder_Baxter-E
mmanuel/RA-Work/Orbis/Output/CZ/Distribution_Firm-Age.pdf): PDF inclusion: foun
d PDF version <1.6>, but at most version <1.5> allowed
<../Output/CZ/Distribution_Firm-Age.pdf, id=1056, 397.485pt x 289.08pt>
File: ../Output/CZ/Distribution_Firm-Age.pdf Graphic file (type pdf)
<use ../Output/CZ/Distribution_Firm-Age.pdf>
Package pdftex.def Info: ../Output/CZ/Distribution_Firm-Age.pdf  used on input 
line 1229.
(pdftex.def)             Requested size: 238.49283pt x 173.44933pt.

Overfull \hbox (8.3103pt too wide) in paragraph at lines 1229--1230
 [][] 
 []



pdfTeX warning: pdflatex (file D:/Users/Emmanuel/Dropbox/Shared-Folder_Baxter-E
mmanuel/RA-Work/Orbis/Output/FR/Distribution_Firm-Age.pdf): PDF inclusion: foun
d PDF version <1.6>, but at most version <1.5> allowed
<../Output/FR/Distribution_Firm-Age.pdf, id=1057, 397.485pt x 289.08pt>
File: ../Output/FR/Distribution_Firm-Age.pdf Graphic file (type pdf)
<use ../Output/FR/Distribution_Firm-Age.pdf>
Package pdftex.def Info: ../Output/FR/Distribution_Firm-Age.pdf  used on input 
line 1234.
(pdftex.def)             Requested size: 238.49283pt x 173.44933pt.

Overfull \hbox (8.3103pt too wide) in paragraph at lines 1234--1235
 [][] 
 []



pdfTeX warning: pdflatex (file D:/Users/Emmanuel/Dropbox/Shared-Folder_Baxter-E
mmanuel/RA-Work/Orbis/Output/HU/Distribution_Firm-Age.pdf): PDF inclusion: foun
d PDF version <1.6>, but at most version <1.5> allowed
<../Output/HU/Distribution_Firm-Age.pdf, id=1058, 397.485pt x 289.08pt>
File: ../Output/HU/Distribution_Firm-Age.pdf Graphic file (type pdf)
<use ../Output/HU/Distribution_Firm-Age.pdf>
Package pdftex.def Info: ../Output/HU/Distribution_Firm-Age.pdf  used on input 
line 1239.
(pdftex.def)             Requested size: 238.49283pt x 173.44933pt.

Overfull \hbox (8.3103pt too wide) in paragraph at lines 1239--1240
 [][] 
 []

[27 <D:/Users/Emmanuel/Dropbox/Shared-Folder_Baxter-Emmanuel/RA-Work/Orbis/Outp
ut/IT/Distribution_Firm-Age.pdf> <D:/Users/Emmanuel/Dropbox/Shared-Folder_Baxte
r-Emmanuel/RA-Work/Orbis/Output/CZ/Distribution_Firm-Age.pdf> <D:/Users/Emmanue
l/Dropbox/Shared-Folder_Baxter-Emmanuel/RA-Work/Orbis/Output/FR/Distribution_Fi
rm-Age.pdf> <D:/Users/Emmanuel/Dropbox/Shared-Folder_Baxter-Emmanuel/RA-Work/Or
bis/Output/HU/Distribution_Firm-Age.pdf>]

pdfTeX warning: pdflatex (file D:/Users/Emmanuel/Dropbox/Shared-Folder_Baxter-E
mmanuel/RA-Work/Orbis/Output/IT/Distribution_Change-No-Shareholders.pdf): PDF i
nclusion: found PDF version <1.6>, but at most version <1.5> allowed
<../Output/IT/Distribution_Change-No-Shareholders.pdf, id=1104, 397.485pt x 289
.08pt>
File: ../Output/IT/Distribution_Change-No-Shareholders.pdf Graphic file (type p
df)
<use ../Output/IT/Distribution_Change-No-Shareholders.pdf>
Package pdftex.def Info: ../Output/IT/Distribution_Change-No-Shareholders.pdf  
used on input line 1250.
(pdftex.def)             Requested size: 238.49283pt x 173.44933pt.

Overfull \hbox (8.3103pt too wide) in paragraph at lines 1250--1251
 [][] 
 []



pdfTeX warning: pdflatex (file D:/Users/Emmanuel/Dropbox/Shared-Folder_Baxter-E
mmanuel/RA-Work/Orbis/Output/CZ/Distribution_Change-No-Shareholders.pdf): PDF i
nclusion: found PDF version <1.6>, but at most version <1.5> allowed
<../Output/CZ/Distribution_Change-No-Shareholders.pdf, id=1105, 397.485pt x 289
.08pt>
File: ../Output/CZ/Distribution_Change-No-Shareholders.pdf Graphic file (type p
df)
<use ../Output/CZ/Distribution_Change-No-Shareholders.pdf>
Package pdftex.def Info: ../Output/CZ/Distribution_Change-No-Shareholders.pdf  
used on input line 1255.
(pdftex.def)             Requested size: 238.49283pt x 173.44933pt.

Overfull \hbox (8.3103pt too wide) in paragraph at lines 1255--1256
 [][] 
 []



pdfTeX warning: pdflatex (file D:/Users/Emmanuel/Dropbox/Shared-Folder_Baxter-E
mmanuel/RA-Work/Orbis/Output/FR/Distribution_Change-No-Shareholders.pdf): PDF i
nclusion: found PDF version <1.6>, but at most version <1.5> allowed
<../Output/FR/Distribution_Change-No-Shareholders.pdf, id=1106, 397.485pt x 289
.08pt>
File: ../Output/FR/Distribution_Change-No-Shareholders.pdf Graphic file (type p
df)
<use ../Output/FR/Distribution_Change-No-Shareholders.pdf>
Package pdftex.def Info: ../Output/FR/Distribution_Change-No-Shareholders.pdf  
used on input line 1260.
(pdftex.def)             Requested size: 238.49283pt x 173.44933pt.

Overfull \hbox (8.3103pt too wide) in paragraph at lines 1260--1261
 [][] 
 []



pdfTeX warning: pdflatex (file D:/Users/Emmanuel/Dropbox/Shared-Folder_Baxter-E
mmanuel/RA-Work/Orbis/Output/HU/Distribution_Change-No-Shareholders.pdf): PDF i
nclusion: found PDF version <1.6>, but at most version <1.5> allowed
<../Output/HU/Distribution_Change-No-Shareholders.pdf, id=1107, 397.485pt x 289
.08pt>
File: ../Output/HU/Distribution_Change-No-Shareholders.pdf Graphic file (type p
df)
<use ../Output/HU/Distribution_Change-No-Shareholders.pdf>
Package pdftex.def Info: ../Output/HU/Distribution_Change-No-Shareholders.pdf  
used on input line 1265.
(pdftex.def)             Requested size: 238.49283pt x 173.44933pt.

Overfull \hbox (8.3103pt too wide) in paragraph at lines 1265--1266
 [][] 
 []

[28 <D:/Users/Emmanuel/Dropbox/Shared-Folder_Baxter-Emmanuel/RA-Work/Orbis/Outp
ut/IT/Distribution_Change-No-Shareholders.pdf> <D:/Users/Emmanuel/Dropbox/Share
d-Folder_Baxter-Emmanuel/RA-Work/Orbis/Output/CZ/Distribution_Change-No-Shareho
lders.pdf> <D:/Users/Emmanuel/Dropbox/Shared-Folder_Baxter-Emmanuel/RA-Work/Orb
is/Output/FR/Distribution_Change-No-Shareholders.pdf> <D:/Users/Emmanuel/Dropbo
x/Shared-Folder_Baxter-Emmanuel/RA-Work/Orbis/Output/HU/Distribution_Change-No-
Shareholders.pdf>]

pdfTeX warning: pdflatex (file D:/Users/Emmanuel/Dropbox/Shared-Folder_Baxter-E
mmanuel/RA-Work/Orbis/Output/IT/FirmTypes_Growth-Emp.pdf): PDF inclusion: found
 PDF version <1.6>, but at most version <1.5> allowed
<../Output/IT/FirmTypes_Growth-Emp.pdf, id=1153, 397.485pt x 289.08pt>
File: ../Output/IT/FirmTypes_Growth-Emp.pdf Graphic file (type pdf)
<use ../Output/IT/FirmTypes_Growth-Emp.pdf>
Package pdftex.def Info: ../Output/IT/FirmTypes_Growth-Emp.pdf  used on input l
ine 1278.
(pdftex.def)             Requested size: 238.49283pt x 173.44933pt.

Overfull \hbox (8.3103pt too wide) in paragraph at lines 1278--1279
 [][] 
 []



pdfTeX warning: pdflatex (file D:/Users/Emmanuel/Dropbox/Shared-Folder_Baxter-E
mmanuel/RA-Work/Orbis/Output/CZ/FirmTypes_Growth-Emp.pdf): PDF inclusion: found
 PDF version <1.6>, but at most version <1.5> allowed
<../Output/CZ/FirmTypes_Growth-Emp.pdf, id=1154, 397.485pt x 289.08pt>
File: ../Output/CZ/FirmTypes_Growth-Emp.pdf Graphic file (type pdf)
<use ../Output/CZ/FirmTypes_Growth-Emp.pdf>
Package pdftex.def Info: ../Output/CZ/FirmTypes_Growth-Emp.pdf  used on input l
ine 1283.
(pdftex.def)             Requested size: 238.49283pt x 173.44933pt.

Overfull \hbox (8.3103pt too wide) in paragraph at lines 1283--1284
 [][] 
 []



pdfTeX warning: pdflatex (file D:/Users/Emmanuel/Dropbox/Shared-Folder_Baxter-E
mmanuel/RA-Work/Orbis/Output/FR/FirmTypes_Growth-Emp.pdf): PDF inclusion: found
 PDF version <1.6>, but at most version <1.5> allowed
<../Output/FR/FirmTypes_Growth-Emp.pdf, id=1155, 397.485pt x 289.08pt>
File: ../Output/FR/FirmTypes_Growth-Emp.pdf Graphic file (type pdf)
<use ../Output/FR/FirmTypes_Growth-Emp.pdf>
Package pdftex.def Info: ../Output/FR/FirmTypes_Growth-Emp.pdf  used on input l
ine 1288.
(pdftex.def)             Requested size: 238.49283pt x 173.44933pt.

Overfull \hbox (8.3103pt too wide) in paragraph at lines 1288--1289
 [][] 
 []



pdfTeX warning: pdflatex (file D:/Users/Emmanuel/Dropbox/Shared-Folder_Baxter-E
mmanuel/RA-Work/Orbis/Output/HU/FirmTypes_Growth-Emp.pdf): PDF inclusion: found
 PDF version <1.6>, but at most version <1.5> allowed
<../Output/HU/FirmTypes_Growth-Emp.pdf, id=1156, 397.485pt x 289.08pt>
File: ../Output/HU/FirmTypes_Growth-Emp.pdf Graphic file (type pdf)
<use ../Output/HU/FirmTypes_Growth-Emp.pdf>
Package pdftex.def Info: ../Output/HU/FirmTypes_Growth-Emp.pdf  used on input l
ine 1293.
(pdftex.def)             Requested size: 238.49283pt x 173.44933pt.

Overfull \hbox (8.3103pt too wide) in paragraph at lines 1293--1294
 [][] 
 []

[29 <D:/Users/Emmanuel/Dropbox/Shared-Folder_Baxter-Emmanuel/RA-Work/Orbis/Outp
ut/IT/FirmTypes_Growth-Emp.pdf> <D:/Users/Emmanuel/Dropbox/Shared-Folder_Baxter
-Emmanuel/RA-Work/Orbis/Output/CZ/FirmTypes_Growth-Emp.pdf> <D:/Users/Emmanuel/
Dropbox/Shared-Folder_Baxter-Emmanuel/RA-Work/Orbis/Output/FR/FirmTypes_Growth-
Emp.pdf> <D:/Users/Emmanuel/Dropbox/Shared-Folder_Baxter-Emmanuel/RA-Work/Orbis
/Output/HU/FirmTypes_Growth-Emp.pdf>]
(D:/Users\Emmanuel\Dropbox\Shared-Folder_Baxter-Emmanuel\RA-Work\Orbis\Output\I
T\Table_CompustatOrbis-Comparison.tex
! Undefined control sequence.
<argument> ...al \expandafter \let \cmrsideswitch 
                                                  \@tempa \fi \fi 
l.2 ...t & Orbis & Compustat \\ \cmidrule(1){2-11}
                                                  
? 
)
(D:/Users\Emmanuel\Dropbox\Shared-Folder_Baxter-Emmanuel\RA-Work\Orbis\Output\F
R\Table_CompustatOrbis-Comparison.tex
! Undefined control sequence.
<argument> ...al \expandafter \let \cmrsideswitch 
                                                  \@tempa \fi \fi 
l.2 ...t & Orbis & Compustat \\ \cmidrule(1){2-11}
                                                  
? 
)
(D:/Users\Emmanuel\Dropbox\Shared-Folder_Baxter-Emmanuel\RA-Work\Orbis\Output\H
U\Table_CompustatOrbis-Comparison.tex
! Undefined control sequence.
<argument> ...al \expandafter \let \cmrsideswitch 
                                                  \@tempa \fi \fi 
l.2 ...t & Orbis & Compustat \\ \cmidrule(1){2-11}
                                                  
? 
)
(D:/Users\Emmanuel\Dropbox\Shared-Folder_Baxter-Emmanuel\RA-Work\Orbis\Output\C
Z\Table_CompustatOrbis-Comparison.tex
! Undefined control sequence.
<argument> ...al \expandafter \let \cmrsideswitch 
                                                  \@tempa \fi \fi 
l.2 ...t & Orbis & Compustat \\ \cmidrule(1){2-11}
                                                  
? 
) [30] [31] [32] (Data-Report.aux)

LaTeX Warning: Label(s) may have changed. Rerun to get cross-references right.


Package rerunfilecheck Warning: File `Data-Report.out' has changed.
(rerunfilecheck)                Rerun to get outlines right
(rerunfilecheck)                or use package `bookmark'.

Package rerunfilecheck Info: Checksums for `Data-Report.out':
(rerunfilecheck)             Before: <no file>
(rerunfilecheck)             After:  D41D8CD98F00B204E9800998ECF8427E;0.
 )
(\end occurred when \ifx on line 2 was incomplete)
(\end occurred when \ifx on line 2 was incomplete)
(\end occurred when \ifx on line 2 was incomplete)
(\end occurred when \ifx on line 2 was incomplete) 
Here is how much of TeX's memory you used:
 12298 strings out of 479321
 215376 string characters out of 2855152
 550314 words of memory out of 3000000
 29391 multiletter control sequences out of 15000+600000
 412570 words of font info for 65 fonts, out of 8000000 for 9000
 1141 hyphenation exceptions out of 8191
 81i,10n,88p,388b,521s stack positions out of 5000i,500n,10000p,200000b,80000s
<C:/Users/Emmanuel/AppData/Lo
cal/Programs/MiKTeX/fonts/type1/public/amsfonts/cm/cmbx12.pfb><C:/Users/Emmanue
l/AppData/Local/Programs/MiKTeX/fonts/type1/public/amsfonts/cm/cmr10.pfb><C:/Us
ers/Emmanuel/AppData/Local/Programs/MiKTeX/fonts/type1/public/amsfonts/cm/cmr12
.pfb><C:/Users/Emmanuel/AppData/Local/Programs/MiKTeX/fonts/type1/public/amsfon
ts/cm/cmr17.pfb>
Output written on Data-Report.pdf (32 pages, 5328038 bytes).
PDF statistics:
 1258 PDF objects out of 1440 (max. 8388607)
 102 named destinations out of 1000 (max. 500000)
 461 words of extra memory for PDF output out of 10000 (max. 10000000)

